Log file open, 04/10/19 16:38:08
LogWindows: Failed to load 'aqProf.dll' (GetLastError=126)
LogWindows: File 'aqProf.dll' does not exist
LogWindows: Failed to load 'VtuneApi.dll' (GetLastError=126)
LogWindows: File 'VtuneApi.dll' does not exist
LogWindows: Failed to load 'VtuneApi32e.dll' (GetLastError=126)
LogWindows: File 'VtuneApi32e.dll' does not exist
LogConsoleResponse: Display: Failed to find resolution value strings in scalability ini. Falling back to default.
LogInit: Display: Running engine for game: Galaga
LogPakFile: Registered encryption key '00000000000000000000000000000000': 0 pak files mounted, 0 remain pending
LogPlatformFile: Not using cached read wrapper
LogTaskGraph: Started task graph with 5 named threads and 23 total threads with 3 sets of task threads.
LogStats: Stats thread started at 0.286879
LogD3D11RHI: Loaded GFSDK_Aftermath_Lib.x64.dll
LogICUInternationalization: ICU TimeZone Detection - Raw Offset: +0:00, Platform Override: ''
LogPluginManager: Mounting plugin Paper2D
LogPluginManager: Mounting plugin AISupport
LogPluginManager: Mounting plugin LightPropagationVolume
LogPluginManager: Mounting plugin ActorLayerUtilities
LogPluginManager: Mounting plugin CLionSourceCodeAccess
LogPluginManager: Mounting plugin CodeLiteSourceCodeAccess
LogPluginManager: Mounting plugin GitSourceControl
LogPluginManager: Mounting plugin KDevelopSourceCodeAccess
LogPluginManager: Mounting plugin NullSourceCodeAccess
LogPluginManager: Mounting plugin PerforceSourceControl
LogPluginManager: Mounting plugin SubversionSourceControl
LogPluginManager: Mounting plugin UObjectPlugin
LogPluginManager: Mounting plugin VisualStudioCodeSourceCodeAccess
LogPluginManager: Mounting plugin VisualStudioSourceCodeAccess
LogPluginManager: Mounting plugin XCodeSourceCodeAccess
LogPluginManager: Mounting plugin AssetManagerEditor
LogPluginManager: Mounting plugin CryptoKeys
LogPluginManager: Mounting plugin DataValidation
LogPluginManager: Mounting plugin FacialAnimation
LogPluginManager: Mounting plugin GameplayTagsEditor
LogPluginManager: Mounting plugin MacGraphicsSwitching
LogPluginManager: Mounting plugin MeshEditor
LogPluginManager: Mounting plugin MobileLauncherProfileWizard
LogPluginManager: Mounting plugin PluginBrowser
LogPluginManager: Mounting plugin SpeedTreeImporter
LogPluginManager: Mounting plugin DatasmithContent
LogPluginManager: Mounting plugin VariantManagerContent
LogPluginManager: Mounting plugin AlembicImporter
LogPluginManager: Mounting plugin AppleImageUtils
LogPluginManager: Mounting plugin AppleVision
LogPluginManager: Mounting plugin BackChannel
LogPluginManager: Mounting plugin CharacterAI
LogPluginManager: Mounting plugin GeometryCache
LogPluginManager: Mounting plugin HTML5Networking
LogPluginManager: Mounting plugin ProxyLODPlugin
LogPluginManager: Mounting plugin MagicLeap
LogPluginManager: Mounting plugin MagicLeapMedia
LogPluginManager: Mounting plugin AndroidMedia
LogPluginManager: Mounting plugin AvfMedia
LogPluginManager: Mounting plugin ImgMedia
LogPluginManager: Mounting plugin LinearTimecode
LogPluginManager: Mounting plugin MediaCompositing
LogPluginManager: Mounting plugin MediaPlayerEditor
LogPluginManager: Mounting plugin WebMMedia
LogPluginManager: Mounting plugin WmfMedia
LogPluginManager: Mounting plugin TcpMessaging
LogPluginManager: Mounting plugin UdpMessaging
LogPluginManager: Mounting plugin ActorSequence
LogPluginManager: Mounting plugin LevelSequenceEditor
LogPluginManager: Mounting plugin MatineeToLevelSequence
LogPluginManager: Mounting plugin NetcodeUnitTest
LogPluginManager: Mounting plugin NUTUnrealEngine4
LogPluginManager: Mounting plugin OnlineSubsystemGooglePlay
LogPluginManager: Mounting plugin OnlineSubsystemIOS
LogPluginManager: Mounting plugin OnlineSubsystem
LogPluginManager: Mounting plugin OnlineSubsystemNull
LogPluginManager: Mounting plugin OnlineSubsystemUtils
LogPluginManager: Mounting plugin LauncherChunkInstaller
LogPluginManager: Mounting plugin AndroidDeviceProfileSelector
LogPluginManager: Mounting plugin AndroidMoviePlayer
LogPluginManager: Mounting plugin AndroidPermission
LogPluginManager: Mounting plugin AppleMoviePlayer
LogPluginManager: Mounting plugin ArchVisCharacter
LogPluginManager: Mounting plugin AudioCapture
LogPluginManager: Mounting plugin CableComponent
LogPluginManager: Mounting plugin CustomMeshComponent
LogPluginManager: Mounting plugin EditableMesh
LogPluginManager: Mounting plugin ExampleDeviceProfileSelector
LogPluginManager: Mounting plugin Firebase
LogPluginManager: Mounting plugin GoogleCloudMessaging
LogPluginManager: Mounting plugin IOSDeviceProfileSelector
LogPluginManager: Mounting plugin LinuxDeviceProfileSelector
LogPluginManager: Mounting plugin LocationServicesBPLibrary
LogPluginManager: Mounting plugin MobilePatchingUtils
LogPluginManager: Mounting plugin OculusVR
LogPluginManager: Mounting plugin PhysXVehicles
LogPluginManager: Mounting plugin ProceduralMeshComponent
LogPluginManager: Mounting plugin RuntimePhysXCooking
LogPluginManager: Mounting plugin SteamVR
LogPluginManager: Mounting plugin WebMMoviePlayer
LogPluginManager: Mounting plugin WindowsMoviePlayer
LogStreaming: Display: Took  0.104s to configure plugins.
LogInit: Using libcurl 7.55.1-DEV
LogInit:  - built for x86_64-pc-win32
LogInit:  - supports SSL with OpenSSL/1.0.2h
LogInit:  - supports HTTP deflate (compression) using libz 1.2.8
LogInit:  - other features:
LogInit:      CURL_VERSION_SSL
LogInit:      CURL_VERSION_LIBZ
LogInit:      CURL_VERSION_IPV6
LogInit:      CURL_VERSION_ASYNCHDNS
LogInit:      CURL_VERSION_LARGEFILE
LogInit:      CURL_VERSION_IDN
LogInit:  CurlRequestOptions (configurable via config and command line):
LogInit:  - bVerifyPeer = true  - Libcurl will verify peer certificate
LogInit:  - bUseHttpProxy = false  - Libcurl will NOT use HTTP proxy
LogInit:  - bDontReuseConnections = false  - Libcurl will reuse connections
LogInit:  - MaxHostConnections = 16  - Libcurl will limit the number of connections to a host
LogInit:  - LocalHostAddr = Default
LogInit:  - BufferSize = 65536
LogInit: WinSock: version 1.1 (2.2), MaxSocks=32767, MaxUdp=65467
LogInit: Build: ++UE4+Release-4.21-CL-4753647
LogInit: Engine Version: 4.21.2-4753647+++UE4+Release-4.21
LogInit: Compatible Engine Version: 4.21.0-4541578+++UE4+Release-4.21
LogInit: Net CL: 4541578
LogInit: OS: Windows 10 (), CPU: Intel(R) Core(TM) i5-8300H CPU @ 2.30GHz, GPU: Intel(R) UHD Graphics 630
LogInit: Compiled (64-bit): Jan 19 2019 02:07:31
LogInit: Compiled with Visual C++: 19.13.26129.00
LogInit: Build Configuration: Development
LogInit: Branch Name: ++UE4+Release-4.21
LogInit: Command Line:  -EpicPortal -epicusername=Azerty_333 -epicuserid=be48acb5dc834a04812c9df78542e6b3 -epiclocale=en-US
LogInit: Base Directory: C:/Program Files/Epic Games/UE_4.21/Engine/Binaries/Win64/
LogInit: Installed Engine Build: 1
LogDevObjectVersion: Number of dev versions registered: 22
LogDevObjectVersion:   Dev-Blueprints (B0D832E4-1F89-4F0D-ACCF-7EB736FD4AA2): 10
LogDevObjectVersion:   Dev-Build (E1C64328-A22C-4D53-A36C-8E866417BD8C): 0
LogDevObjectVersion:   Dev-Core (375EC13C-06E4-48FB-B500-84F0262A717E): 2
LogDevObjectVersion:   Dev-Editor (E4B068ED-F494-42E9-A231-DA0B2E46BB41): 26
LogDevObjectVersion:   Dev-Framework (CFFC743F-43B0-4480-9391-14DF171D2073): 34
LogDevObjectVersion:   Dev-Mobile (B02B49B5-BB20-44E9-A304-32B752E40360): 2
LogDevObjectVersion:   Dev-Networking (A4E4105C-59A1-49B5-A7C5-40C4547EDFEE): 0
LogDevObjectVersion:   Dev-Online (39C831C9-5AE6-47DC-9A44-9C173E1C8E7C): 0
LogDevObjectVersion:   Dev-Physics (78F01B33-EBEA-4F98-B9B4-84EACCB95AA2): 0
LogDevObjectVersion:   Dev-Platform (6631380F-2D4D-43E0-8009-CF276956A95A): 0
LogDevObjectVersion:   Dev-Rendering (12F88B9F-8875-4AFC-A67C-D90C383ABD29): 27
LogDevObjectVersion:   Dev-Sequencer (7B5AE74C-D270-4C10-A958-57980B212A5A): 9
LogDevObjectVersion:   Dev-VR (D7296918-1DD6-4BDD-9DE2-64A83CC13884): 2
LogDevObjectVersion:   Dev-LoadTimes (C2A15278-BFE7-4AFE-6C17-90FF531DF755): 1
LogDevObjectVersion:   Private-Geometry (6EACA3D4-40EC-4CC1-B786-8BED09428FC5): 3
LogDevObjectVersion:   Dev-AnimPhys (29E575DD-E0A3-4627-9D10-D276232CDCEA): 17
LogDevObjectVersion:   Dev-Anim (AF43A65D-7FD3-4947-9873-3E8ED9C1BB05): 2
LogDevObjectVersion:   Dev-ReflectionCapture (6B266CEC-1EC7-4B8F-A30B-E4D90942FC07): 1
LogDevObjectVersion:   Dev-Automation (0DF73D61-A23F-47EA-B727-89E90C41499A): 1
LogDevObjectVersion:   FortniteMain (601D1886-AC64-4F84-AA16-D3DE0DEAC7D6): 17
LogDevObjectVersion:   Dev-Enterprise (9DFFBCD6-494F-0158-E221-12823C92A888): 4
LogDevObjectVersion:   Dev-Niagara (F2AED0AC-9AFE-416F-8664-AA7FFA26D6FC): 1
LogStreaming: Display: Took  0.002s to delete old logs.
LogInit: Presizing for max 8388607 objects, including 0 objects not considered by GC, pre-allocating 0 bytes for permanent pool.
LogInit: Object subsystem initialized
LogConfig: Setting CVar [[con.DebugEarlyDefault:1]]
LogConfig: Setting CVar [[r.setres:1280x720]]
[2019.04.10-15.38.08:435][  0]LogConfig: Setting CVar [[r.VSync:0]]
[2019.04.10-15.38.08:435][  0]LogConfig: Setting CVar [[r.RHICmdBypass:0]]
[2019.04.10-15.38.08:435][  0]LogConfig: Applying CVar settings from Section [/Script/Engine.RendererSettings] File [C:/GitHub/GalagaUnreal/Galaga/Saved/Config/Windows/Engine.ini]
[2019.04.10-15.38.08:435][  0]LogConfig: Setting CVar [[r.GPUCrashDebugging:0]]
[2019.04.10-15.38.08:435][  0]LogConfig: Setting CVar [[r.DefaultFeature.AutoExposure:0]]
[2019.04.10-15.38.08:435][  0]LogConfig: Applying CVar settings from Section [/Script/Engine.RendererOverrideSettings] File [C:/GitHub/GalagaUnreal/Galaga/Saved/Config/Windows/Engine.ini]
[2019.04.10-15.38.08:435][  0]LogConfig: Applying CVar settings from Section [/Script/Engine.StreamingSettings] File [C:/GitHub/GalagaUnreal/Galaga/Saved/Config/Windows/Engine.ini]
[2019.04.10-15.38.08:435][  0]LogConfig: Setting CVar [[s.MinBulkDataSizeForAsyncLoading:131072]]
[2019.04.10-15.38.08:435][  0]LogConfig: Setting CVar [[s.AsyncLoadingThreadEnabled:0]]
[2019.04.10-15.38.08:435][  0]LogConfig: Setting CVar [[s.EventDrivenLoaderEnabled:1]]
[2019.04.10-15.38.08:435][  0]LogConfig: Setting CVar [[s.WarnIfTimeLimitExceeded:0]]
[2019.04.10-15.38.08:435][  0]LogConfig: Setting CVar [[s.TimeLimitExceededMultiplier:1.5]]
[2019.04.10-15.38.08:435][  0]LogConfig: Setting CVar [[s.TimeLimitExceededMinTime:0.005]]
[2019.04.10-15.38.08:435][  0]LogConfig: Setting CVar [[s.UseBackgroundLevelStreaming:1]]
[2019.04.10-15.38.08:435][  0]LogConfig: Setting CVar [[s.PriorityAsyncLoadingExtraTime:15.0]]
[2019.04.10-15.38.08:435][  0]LogConfig: Setting CVar [[s.LevelStreamingActorsUpdateTimeLimit:5.0]]
[2019.04.10-15.38.08:435][  0]LogConfig: Setting CVar [[s.PriorityLevelStreamingActorsUpdateExtraTime:5.0]]
[2019.04.10-15.38.08:435][  0]LogConfig: Setting CVar [[s.LevelStreamingComponentsRegistrationGranularity:10]]
[2019.04.10-15.38.08:435][  0]LogConfig: Setting CVar [[s.UnregisterComponentsTimeLimit:1.0]]
[2019.04.10-15.38.08:435][  0]LogConfig: Setting CVar [[s.LevelStreamingComponentsUnregistrationGranularity:5]]
[2019.04.10-15.38.08:435][  0]LogConfig: Applying CVar settings from Section [/Script/Engine.GarbageCollectionSettings] File [C:/GitHub/GalagaUnreal/Galaga/Saved/Config/Windows/Engine.ini]
[2019.04.10-15.38.08:435][  0]LogConfig: Setting CVar [[gc.MaxObjectsNotConsideredByGC:1]]
[2019.04.10-15.38.08:435][  0]LogConfig: Setting CVar [[gc.SizeOfPermanentObjectPool:0]]
[2019.04.10-15.38.08:435][  0]LogConfig: Setting CVar [[gc.FlushStreamingOnGC:0]]
[2019.04.10-15.38.08:435][  0]LogConfig: Setting CVar [[gc.NumRetriesBeforeForcingGC:10]]
[2019.04.10-15.38.08:435][  0]LogConfig: Setting CVar [[gc.AllowParallelGC:1]]
[2019.04.10-15.38.08:435][  0]LogConfig: Setting CVar [[gc.TimeBetweenPurgingPendingKillObjects:61.1]]
[2019.04.10-15.38.08:435][  0]LogConfig: Setting CVar [[gc.MaxObjectsInEditor:8388607]]
[2019.04.10-15.38.08:435][  0]LogConfig: Setting CVar [[gc.IncrementalBeginDestroyEnabled:1]]
[2019.04.10-15.38.08:435][  0]LogConfig: Setting CVar [[gc.CreateGCClusters:1]]
[2019.04.10-15.38.08:435][  0]LogConfig: Setting CVar [[gc.MergeGCClusters:0]]
[2019.04.10-15.38.08:435][  0]LogConfig: Setting CVar [[gc.MinGCClusterSize:5]]
[2019.04.10-15.38.08:435][  0]LogConfig: Setting CVar [[gc.ActorClusteringEnabled:0]]
[2019.04.10-15.38.08:435][  0]LogConfig: Setting CVar [[gc.BlueprintClusteringEnabled:0]]
[2019.04.10-15.38.08:435][  0]LogConfig: Setting CVar [[gc.UseDisregardForGCOnDedicatedServers:0]]
[2019.04.10-15.38.08:435][  0]LogConfig: Applying CVar settings from Section [/Script/Engine.NetworkSettings] File [C:/GitHub/GalagaUnreal/Galaga/Saved/Config/Windows/Engine.ini]
[2019.04.10-15.38.08:435][  0]LogConfig: Applying CVar settings from Section [/Script/UnrealEd.CookerSettings] File [C:/GitHub/GalagaUnreal/Galaga/Saved/Config/Windows/Engine.ini]
[2019.04.10-15.38.08:437][  0]LogConfig: Applying CVar settings from Section [ViewDistanceQuality@3] File [C:/GitHub/GalagaUnreal/Galaga/Saved/Config/Windows/Scalability.ini]
[2019.04.10-15.38.08:437][  0]LogConfig: Setting CVar [[r.SkeletalMeshLODBias:0]]
[2019.04.10-15.38.08:437][  0]LogConfig: Setting CVar [[r.ViewDistanceScale:1.0]]
[2019.04.10-15.38.08:437][  0]LogConfig: Applying CVar settings from Section [AntiAliasingQuality@3] File [C:/GitHub/GalagaUnreal/Galaga/Saved/Config/Windows/Scalability.ini]
[2019.04.10-15.38.08:437][  0]LogConfig: Setting CVar [[r.PostProcessAAQuality:4]]
[2019.04.10-15.38.08:437][  0]LogConfig: Applying CVar settings from Section [ShadowQuality@3] File [C:/GitHub/GalagaUnreal/Galaga/Saved/Config/Windows/Scalability.ini]
[2019.04.10-15.38.08:437][  0]LogConfig: Setting CVar [[r.LightFunctionQuality:1]]
[2019.04.10-15.38.08:437][  0]LogConfig: Setting CVar [[r.ShadowQuality:5]]
[2019.04.10-15.38.08:437][  0]LogConfig: Setting CVar [[r.Shadow.CSM.MaxCascades:10]]
[2019.04.10-15.38.08:437][  0]LogConfig: Setting CVar [[r.Shadow.MaxResolution:2048]]
[2019.04.10-15.38.08:437][  0]LogConfig: Setting CVar [[r.Shadow.MaxCSMResolution:2048]]
[2019.04.10-15.38.08:437][  0]LogConfig: Setting CVar [[r.Shadow.RadiusThreshold:0.01]]
[2019.04.10-15.38.08:437][  0]LogConfig: Setting CVar [[r.Shadow.DistanceScale:1.0]]
[2019.04.10-15.38.08:437][  0]LogConfig: Setting CVar [[r.Shadow.CSM.TransitionScale:1.0]]
[2019.04.10-15.38.08:437][  0]LogConfig: Setting CVar [[r.Shadow.PreShadowResolutionFactor:1.0]]
[2019.04.10-15.38.08:437][  0]LogConfig: Setting CVar [[r.DistanceFieldShadowing:1]]
[2019.04.10-15.38.08:437][  0]LogConfig: Setting CVar [[r.DistanceFieldAO:1]]
[2019.04.10-15.38.08:437][  0]LogConfig: Setting CVar [[r.AOQuality:2]]
[2019.04.10-15.38.08:437][  0]LogConfig: Setting CVar [[r.VolumetricFog:1]]
[2019.04.10-15.38.08:437][  0]LogConfig: Setting CVar [[r.VolumetricFog.GridPixelSize:8]]
[2019.04.10-15.38.08:437][  0]LogConfig: Setting CVar [[r.VolumetricFog.GridSizeZ:128]]
[2019.04.10-15.38.08:437][  0]LogConfig: Setting CVar [[r.VolumetricFog.HistoryMissSupersampleCount:4]]
[2019.04.10-15.38.08:437][  0]LogConfig: Setting CVar [[r.LightMaxDrawDistanceScale:1]]
[2019.04.10-15.38.08:437][  0]LogConfig: Setting CVar [[r.CapsuleShadows:1]]
[2019.04.10-15.38.08:437][  0]LogConfig: Applying CVar settings from Section [PostProcessQuality@3] File [C:/GitHub/GalagaUnreal/Galaga/Saved/Config/Windows/Scalability.ini]
[2019.04.10-15.38.08:437][  0]LogConfig: Setting CVar [[r.MotionBlurQuality:4]]
[2019.04.10-15.38.08:437][  0]LogConfig: Setting CVar [[r.AmbientOcclusionMipLevelFactor:0.4]]
[2019.04.10-15.38.08:437][  0]LogConfig: Setting CVar [[r.AmbientOcclusionMaxQuality:100]]
[2019.04.10-15.38.08:437][  0]LogConfig: Setting CVar [[r.AmbientOcclusionLevels:-1]]
[2019.04.10-15.38.08:437][  0]LogConfig: Setting CVar [[r.AmbientOcclusionRadiusScale:1.0]]
[2019.04.10-15.38.08:437][  0]LogConfig: Setting CVar [[r.DepthOfFieldQuality:2]]
[2019.04.10-15.38.08:437][  0]LogConfig: Setting CVar [[r.RenderTargetPoolMin:400]]
[2019.04.10-15.38.08:437][  0]LogConfig: Setting CVar [[r.LensFlareQuality:2]]
[2019.04.10-15.38.08:437][  0]LogConfig: Setting CVar [[r.SceneColorFringeQuality:1]]
[2019.04.10-15.38.08:437][  0]LogConfig: Setting CVar [[r.EyeAdaptationQuality:2]]
[2019.04.10-15.38.08:437][  0]LogConfig: Setting CVar [[r.BloomQuality:5]]
[2019.04.10-15.38.08:437][  0]LogConfig: Setting CVar [[r.FastBlurThreshold:100]]
[2019.04.10-15.38.08:437][  0]LogConfig: Setting CVar [[r.Upscale.Quality:3]]
[2019.04.10-15.38.08:437][  0]LogConfig: Setting CVar [[r.Tonemapper.GrainQuantization:1]]
[2019.04.10-15.38.08:437][  0]LogConfig: Setting CVar [[r.LightShaftQuality:1]]
[2019.04.10-15.38.08:437][  0]LogConfig: Setting CVar [[r.Filter.SizeScale:1]]
[2019.04.10-15.38.08:438][  0]LogConfig: Setting CVar [[r.Tonemapper.Quality:5]]
[2019.04.10-15.38.08:438][  0]LogConfig: Setting CVar [[r.DOF.Gather.AccumulatorQuality:1        ; higher gathering accumulator quality]]
[2019.04.10-15.38.08:438][  0]LogConfig: Setting CVar [[r.DOF.Gather.PostfilterMethod:1          ; Median3x3 postfilering method]]
[2019.04.10-15.38.08:438][  0]LogConfig: Setting CVar [[r.DOF.Gather.EnableBokehSettings:0       ; no bokeh simulation when gathering]]
[2019.04.10-15.38.08:438][  0]LogConfig: Setting CVar [[r.DOF.Gather.RingCount:4                 ; medium number of samples when gathering]]
[2019.04.10-15.38.08:438][  0]LogConfig: Setting CVar [[r.DOF.Scatter.ForegroundCompositing:1    ; additive foreground scattering]]
[2019.04.10-15.38.08:438][  0]LogConfig: Setting CVar [[r.DOF.Scatter.BackgroundCompositing:2    ; additive background scattering]]
[2019.04.10-15.38.08:438][  0]LogConfig: Setting CVar [[r.DOF.Scatter.EnableBokehSettings:1      ; bokeh simulation when scattering]]
[2019.04.10-15.38.08:438][  0]LogConfig: Setting CVar [[r.DOF.Scatter.MaxSpriteRatio:0.1         ; only a maximum of 10% of scattered bokeh]]
[2019.04.10-15.38.08:438][  0]LogConfig: Setting CVar [[r.DOF.Recombine.Quality:1                ; cheap slight out of focus]]
[2019.04.10-15.38.08:438][  0]LogConfig: Setting CVar [[r.DOF.Recombine.EnableBokehSettings:0    ; no bokeh simulation on slight out of focus]]
[2019.04.10-15.38.08:438][  0]LogConfig: Setting CVar [[r.DOF.TemporalAAQuality:1                ; more stable temporal accumulation]]
[2019.04.10-15.38.08:438][  0]LogConfig: Setting CVar [[r.DOF.Kernel.MaxForegroundRadius:0.025]]
[2019.04.10-15.38.08:438][  0]LogConfig: Setting CVar [[r.DOF.Kernel.MaxBackgroundRadius:0.025]]
[2019.04.10-15.38.08:438][  0]LogConfig: Applying CVar settings from Section [TextureQuality@3] File [C:/GitHub/GalagaUnreal/Galaga/Saved/Config/Windows/Scalability.ini]
[2019.04.10-15.38.08:438][  0]LogConfig: Setting CVar [[r.Streaming.MipBias:0]]
[2019.04.10-15.38.08:438][  0]LogConfig: Setting CVar [[r.Streaming.AmortizeCPUToGPUCopy:0]]
[2019.04.10-15.38.08:438][  0]LogConfig: Setting CVar [[r.Streaming.MaxNumTexturesToStreamPerFrame:0]]
[2019.04.10-15.38.08:438][  0]LogConfig: Setting CVar [[r.Streaming.Boost:1]]
[2019.04.10-15.38.08:438][  0]LogConfig: Setting CVar [[r.MaxAnisotropy:8]]
[2019.04.10-15.38.08:438][  0]LogConfig: Setting CVar [[r.Streaming.LimitPoolSizeToVRAM:0]]
[2019.04.10-15.38.08:438][  0]LogConfig: Setting CVar [[r.Streaming.PoolSize:1000]]
[2019.04.10-15.38.08:438][  0]LogConfig: Setting CVar [[r.Streaming.MaxEffectiveScreenSize:0]]
[2019.04.10-15.38.08:438][  0]LogConfig: Applying CVar settings from Section [EffectsQuality@3] File [C:/GitHub/GalagaUnreal/Galaga/Saved/Config/Windows/Scalability.ini]
[2019.04.10-15.38.08:438][  0]LogConfig: Setting CVar [[r.TranslucencyLightingVolumeDim:64]]
[2019.04.10-15.38.08:438][  0]LogConfig: Setting CVar [[r.RefractionQuality:2]]
[2019.04.10-15.38.08:438][  0]LogConfig: Setting CVar [[r.SSR.Quality:3]]
[2019.04.10-15.38.08:438][  0]LogConfig: Setting CVar [[r.SceneColorFormat:4]]
[2019.04.10-15.38.08:438][  0]LogConfig: Setting CVar [[r.DetailMode:2]]
[2019.04.10-15.38.08:438][  0]LogConfig: Setting CVar [[r.TranslucencyVolumeBlur:1]]
[2019.04.10-15.38.08:438][  0]LogConfig: Setting CVar [[r.MaterialQualityLevel:1 ; High quality]]
[2019.04.10-15.38.08:438][  0]LogConfig: Setting CVar [[r.SSS.Scale:1]]
[2019.04.10-15.38.08:438][  0]LogConfig: Setting CVar [[r.SSS.SampleSet:2]]
[2019.04.10-15.38.08:438][  0]LogConfig: Setting CVar [[r.SSS.Quality:1]]
[2019.04.10-15.38.08:438][  0]LogConfig: Setting CVar [[r.SSS.HalfRes:1]]
[2019.04.10-15.38.08:438][  0]LogConfig: Setting CVar [[r.EmitterSpawnRateScale:1.0]]
[2019.04.10-15.38.08:438][  0]LogConfig: Setting CVar [[r.ParticleLightQuality:2]]
[2019.04.10-15.38.08:438][  0]LogConfig: Applying CVar settings from Section [FoliageQuality@3] File [C:/GitHub/GalagaUnreal/Galaga/Saved/Config/Windows/Scalability.ini]
[2019.04.10-15.38.08:438][  0]LogConfig: Setting CVar [[foliage.DensityScale:1.0]]
[2019.04.10-15.38.08:438][  0]LogConfig: Setting CVar [[grass.DensityScale:1.0]]
[2019.04.10-15.38.08:438][  0]LogInit: Selected Device Profile: [Windows]
[2019.04.10-15.38.08:438][  0]LogInit: Applying CVar settings loaded from the selected device profile: [Windows]
[2019.04.10-15.38.08:460][  0]LogHAL: Display: Platform has ~ 8 GB [8443830272 / 8589934592 / 8], which maps to Default [LargestMinGB=32, LargerMinGB=12, DefaultMinGB=8, SmallerMinGB=6, SmallestMinGB=0)
[2019.04.10-15.38.08:460][  0]LogConfig: Setting CVar [[r.Vulkan.UseRealUBs:1]]
[2019.04.10-15.38.08:460][  0]LogInit: Going up to parent DeviceProfile []
[2019.04.10-15.38.08:460][  0]LogConfig: Applying CVar settings from Section [ViewDistanceQuality@3] File [C:/GitHub/GalagaUnreal/Galaga/Saved/Config/Windows/Scalability.ini]
[2019.04.10-15.38.08:460][  0]LogConfig: Setting CVar [[r.SkeletalMeshLODBias:0]]
[2019.04.10-15.38.08:460][  0]LogConfig: Setting CVar [[r.ViewDistanceScale:1.0]]
[2019.04.10-15.38.08:460][  0]LogConfig: Applying CVar settings from Section [AntiAliasingQuality@3] File [C:/GitHub/GalagaUnreal/Galaga/Saved/Config/Windows/Scalability.ini]
[2019.04.10-15.38.08:460][  0]LogConfig: Setting CVar [[r.PostProcessAAQuality:4]]
[2019.04.10-15.38.08:460][  0]LogConfig: Applying CVar settings from Section [ShadowQuality@3] File [C:/GitHub/GalagaUnreal/Galaga/Saved/Config/Windows/Scalability.ini]
[2019.04.10-15.38.08:460][  0]LogConfig: Setting CVar [[r.LightFunctionQuality:1]]
[2019.04.10-15.38.08:461][  0]LogConfig: Setting CVar [[r.ShadowQuality:5]]
[2019.04.10-15.38.08:461][  0]LogConfig: Setting CVar [[r.Shadow.CSM.MaxCascades:10]]
[2019.04.10-15.38.08:461][  0]LogConfig: Setting CVar [[r.Shadow.MaxResolution:2048]]
[2019.04.10-15.38.08:461][  0]LogConfig: Setting CVar [[r.Shadow.MaxCSMResolution:2048]]
[2019.04.10-15.38.08:461][  0]LogConfig: Setting CVar [[r.Shadow.RadiusThreshold:0.01]]
[2019.04.10-15.38.08:461][  0]LogConfig: Setting CVar [[r.Shadow.DistanceScale:1.0]]
[2019.04.10-15.38.08:461][  0]LogConfig: Setting CVar [[r.Shadow.CSM.TransitionScale:1.0]]
[2019.04.10-15.38.08:461][  0]LogConfig: Setting CVar [[r.Shadow.PreShadowResolutionFactor:1.0]]
[2019.04.10-15.38.08:461][  0]LogConfig: Setting CVar [[r.DistanceFieldShadowing:1]]
[2019.04.10-15.38.08:461][  0]LogConfig: Setting CVar [[r.DistanceFieldAO:1]]
[2019.04.10-15.38.08:461][  0]LogConfig: Setting CVar [[r.AOQuality:2]]
[2019.04.10-15.38.08:461][  0]LogConfig: Setting CVar [[r.VolumetricFog:1]]
[2019.04.10-15.38.08:461][  0]LogConfig: Setting CVar [[r.VolumetricFog.GridPixelSize:8]]
[2019.04.10-15.38.08:461][  0]LogConfig: Setting CVar [[r.VolumetricFog.GridSizeZ:128]]
[2019.04.10-15.38.08:461][  0]LogConfig: Setting CVar [[r.VolumetricFog.HistoryMissSupersampleCount:4]]
[2019.04.10-15.38.08:461][  0]LogConfig: Setting CVar [[r.LightMaxDrawDistanceScale:1]]
[2019.04.10-15.38.08:461][  0]LogConfig: Setting CVar [[r.CapsuleShadows:1]]
[2019.04.10-15.38.08:461][  0]LogConfig: Applying CVar settings from Section [PostProcessQuality@3] File [C:/GitHub/GalagaUnreal/Galaga/Saved/Config/Windows/Scalability.ini]
[2019.04.10-15.38.08:461][  0]LogConfig: Setting CVar [[r.MotionBlurQuality:4]]
[2019.04.10-15.38.08:461][  0]LogConfig: Setting CVar [[r.AmbientOcclusionMipLevelFactor:0.4]]
[2019.04.10-15.38.08:461][  0]LogConfig: Setting CVar [[r.AmbientOcclusionMaxQuality:100]]
[2019.04.10-15.38.08:461][  0]LogConfig: Setting CVar [[r.AmbientOcclusionLevels:-1]]
[2019.04.10-15.38.08:461][  0]LogConfig: Setting CVar [[r.AmbientOcclusionRadiusScale:1.0]]
[2019.04.10-15.38.08:462][  0]LogConfig: Setting CVar [[r.DepthOfFieldQuality:2]]
[2019.04.10-15.38.08:462][  0]LogConfig: Setting CVar [[r.RenderTargetPoolMin:400]]
[2019.04.10-15.38.08:462][  0]LogConfig: Setting CVar [[r.LensFlareQuality:2]]
[2019.04.10-15.38.08:462][  0]LogConfig: Setting CVar [[r.SceneColorFringeQuality:1]]
[2019.04.10-15.38.08:462][  0]LogConfig: Setting CVar [[r.EyeAdaptationQuality:2]]
[2019.04.10-15.38.08:462][  0]LogConfig: Setting CVar [[r.BloomQuality:5]]
[2019.04.10-15.38.08:462][  0]LogConfig: Setting CVar [[r.FastBlurThreshold:100]]
[2019.04.10-15.38.08:462][  0]LogConfig: Setting CVar [[r.Upscale.Quality:3]]
[2019.04.10-15.38.08:462][  0]LogConfig: Setting CVar [[r.Tonemapper.GrainQuantization:1]]
[2019.04.10-15.38.08:462][  0]LogConfig: Setting CVar [[r.LightShaftQuality:1]]
[2019.04.10-15.38.08:462][  0]LogConfig: Setting CVar [[r.Filter.SizeScale:1]]
[2019.04.10-15.38.08:462][  0]LogConfig: Setting CVar [[r.Tonemapper.Quality:5]]
[2019.04.10-15.38.08:462][  0]LogConfig: Setting CVar [[r.DOF.Gather.AccumulatorQuality:1        ; higher gathering accumulator quality]]
[2019.04.10-15.38.08:462][  0]LogConfig: Setting CVar [[r.DOF.Gather.PostfilterMethod:1          ; Median3x3 postfilering method]]
[2019.04.10-15.38.08:462][  0]LogConfig: Setting CVar [[r.DOF.Gather.EnableBokehSettings:0       ; no bokeh simulation when gathering]]
[2019.04.10-15.38.08:462][  0]LogConfig: Setting CVar [[r.DOF.Gather.RingCount:4                 ; medium number of samples when gathering]]
[2019.04.10-15.38.08:462][  0]LogConfig: Setting CVar [[r.DOF.Scatter.ForegroundCompositing:1    ; additive foreground scattering]]
[2019.04.10-15.38.08:462][  0]LogConfig: Setting CVar [[r.DOF.Scatter.BackgroundCompositing:2    ; additive background scattering]]
[2019.04.10-15.38.08:462][  0]LogConfig: Setting CVar [[r.DOF.Scatter.EnableBokehSettings:1      ; bokeh simulation when scattering]]
[2019.04.10-15.38.08:462][  0]LogConfig: Setting CVar [[r.DOF.Scatter.MaxSpriteRatio:0.1         ; only a maximum of 10% of scattered bokeh]]
[2019.04.10-15.38.08:462][  0]LogConfig: Setting CVar [[r.DOF.Recombine.Quality:1                ; cheap slight out of focus]]
[2019.04.10-15.38.08:462][  0]LogConfig: Setting CVar [[r.DOF.Recombine.EnableBokehSettings:0    ; no bokeh simulation on slight out of focus]]
[2019.04.10-15.38.08:462][  0]LogConfig: Setting CVar [[r.DOF.TemporalAAQuality:1                ; more stable temporal accumulation]]
[2019.04.10-15.38.08:462][  0]LogConfig: Setting CVar [[r.DOF.Kernel.MaxForegroundRadius:0.025]]
[2019.04.10-15.38.08:462][  0]LogConfig: Setting CVar [[r.DOF.Kernel.MaxBackgroundRadius:0.025]]
[2019.04.10-15.38.08:462][  0]LogConfig: Applying CVar settings from Section [TextureQuality@3] File [C:/GitHub/GalagaUnreal/Galaga/Saved/Config/Windows/Scalability.ini]
[2019.04.10-15.38.08:462][  0]LogConfig: Setting CVar [[r.Streaming.MipBias:0]]
[2019.04.10-15.38.08:462][  0]LogConfig: Setting CVar [[r.Streaming.AmortizeCPUToGPUCopy:0]]
[2019.04.10-15.38.08:462][  0]LogConfig: Setting CVar [[r.Streaming.MaxNumTexturesToStreamPerFrame:0]]
[2019.04.10-15.38.08:462][  0]LogConfig: Setting CVar [[r.Streaming.Boost:1]]
[2019.04.10-15.38.08:462][  0]LogConfig: Setting CVar [[r.MaxAnisotropy:8]]
[2019.04.10-15.38.08:462][  0]LogConfig: Setting CVar [[r.Streaming.LimitPoolSizeToVRAM:0]]
[2019.04.10-15.38.08:462][  0]LogConfig: Setting CVar [[r.Streaming.PoolSize:1000]]
[2019.04.10-15.38.08:463][  0]LogConfig: Setting CVar [[r.Streaming.MaxEffectiveScreenSize:0]]
[2019.04.10-15.38.08:463][  0]LogConfig: Applying CVar settings from Section [EffectsQuality@3] File [C:/GitHub/GalagaUnreal/Galaga/Saved/Config/Windows/Scalability.ini]
[2019.04.10-15.38.08:463][  0]LogConfig: Setting CVar [[r.TranslucencyLightingVolumeDim:64]]
[2019.04.10-15.38.08:463][  0]LogConfig: Setting CVar [[r.RefractionQuality:2]]
[2019.04.10-15.38.08:463][  0]LogConfig: Setting CVar [[r.SSR.Quality:3]]
[2019.04.10-15.38.08:463][  0]LogConfig: Setting CVar [[r.SceneColorFormat:4]]
[2019.04.10-15.38.08:463][  0]LogConfig: Setting CVar [[r.DetailMode:2]]
[2019.04.10-15.38.08:463][  0]LogConfig: Setting CVar [[r.TranslucencyVolumeBlur:1]]
[2019.04.10-15.38.08:463][  0]LogConfig: Setting CVar [[r.MaterialQualityLevel:1 ; High quality]]
[2019.04.10-15.38.08:463][  0]LogConfig: Setting CVar [[r.SSS.Scale:1]]
[2019.04.10-15.38.08:463][  0]LogConfig: Setting CVar [[r.SSS.SampleSet:2]]
[2019.04.10-15.38.08:463][  0]LogConfig: Setting CVar [[r.SSS.Quality:1]]
[2019.04.10-15.38.08:463][  0]LogConfig: Setting CVar [[r.SSS.HalfRes:1]]
[2019.04.10-15.38.08:463][  0]LogConfig: Setting CVar [[r.EmitterSpawnRateScale:1.0]]
[2019.04.10-15.38.08:463][  0]LogConfig: Setting CVar [[r.ParticleLightQuality:2]]
[2019.04.10-15.38.08:463][  0]LogConfig: Applying CVar settings from Section [FoliageQuality@3] File [C:/GitHub/GalagaUnreal/Galaga/Saved/Config/Windows/Scalability.ini]
[2019.04.10-15.38.08:463][  0]LogConfig: Setting CVar [[foliage.DensityScale:1.0]]
[2019.04.10-15.38.08:463][  0]LogConfig: Setting CVar [[grass.DensityScale:1.0]]
[2019.04.10-15.38.08:463][  0]LogConfig: Applying CVar settings from Section [Startup] File [../../../Engine/Config/ConsoleVariables.ini]
[2019.04.10-15.38.08:464][  0]LogConfig: Setting CVar [[net.UseAdaptiveNetUpdateFrequency:0]]
[2019.04.10-15.38.08:464][  0]LogConfig: Applying CVar settings from Section [ConsoleVariables] File [C:/GitHub/GalagaUnreal/Galaga/Saved/Config/Windows/Engine.ini]
[2019.04.10-15.38.08:464][  0]LogInit: Computer: DESKTOP-NA5M34A
[2019.04.10-15.38.08:464][  0]LogInit: User: Dominique
[2019.04.10-15.38.08:464][  0]LogInit: CPU Page size=4096, Cores=4
[2019.04.10-15.38.08:464][  0]LogInit: High frequency timer resolution =2.250002 MHz
[2019.04.10-15.38.08:464][  0]LogMemory: Memory total: Physical=7.9GB (8GB approx)
[2019.04.10-15.38.08:464][  0]LogMemory: Platform Memory Stats for Windows
[2019.04.10-15.38.08:464][  0]LogMemory: Process Physical Memory: 104.21 MB used, 104.21 MB peak
[2019.04.10-15.38.08:464][  0]LogMemory: Process Virtual Memory: 89.90 MB used, 89.90 MB peak
[2019.04.10-15.38.08:464][  0]LogMemory: Physical Memory: 6028.86 MB used,  2023.80 MB free, 8052.66 MB total
[2019.04.10-15.38.08:464][  0]LogMemory: Virtual Memory: 4646.35 MB used,  134213080.00 MB free, 134217728.00 MB total
[2019.04.10-15.38.08:485][  0]LogInit: Using OS detected language (en-US).
[2019.04.10-15.38.08:485][  0]LogInit: Using OS detected locale (en-GB).
[2019.04.10-15.38.08:486][  0]LogTextLocalizationManager: No specific localization for 'en-US' exists, so the 'en' localization will be used.
[2019.04.10-15.38.08:955][  0]LogStreaming: Display: Took  0.470s to InitEngineTextLocalization.
[2019.04.10-15.38.08:955][  0]LogInit: Setting process to per monitor DPI aware
[2019.04.10-15.38.09:021][  0]LogSlate: New Slate User Created.  User Index 0, Is Virtual User: 0
[2019.04.10-15.38.09:021][  0]LogSlate: Slate User Registered.  User Index 0, Is Virtual User: 0
[2019.04.10-15.38.09:260][  0]LogHMD: Failed to initialize OpenVR with code 110
[2019.04.10-15.38.09:260][  0]LogD3D11RHI: D3D11 adapters:
[2019.04.10-15.38.09:313][  0]LogD3D11RHI:    0. 'NVIDIA GeForce GTX 1050' (Feature Level 11_0)
[2019.04.10-15.38.09:313][  0]LogD3D11RHI:       4019/0/4026 MB DedicatedVideo/DedicatedSystem/SharedSystem, Outputs:1, VendorId:0x10de
[2019.04.10-15.38.09:328][  0]LogD3D11RHI:    1. 'Intel(R) UHD Graphics 630' (Feature Level 11_0)
[2019.04.10-15.38.09:328][  0]LogD3D11RHI:       128/0/4026 MB DedicatedVideo/DedicatedSystem/SharedSystem, Outputs:0, VendorId:0x8086
[2019.04.10-15.38.09:330][  0]LogD3D11RHI:    2. 'Microsoft Basic Render Driver' (Feature Level 11_0)
[2019.04.10-15.38.09:330][  0]LogD3D11RHI:       0/0/4026 MB DedicatedVideo/DedicatedSystem/SharedSystem, Outputs:0, VendorId:0x1414
[2019.04.10-15.38.09:330][  0]LogD3D11RHI: Chosen D3D11 Adapter: 0
[2019.04.10-15.38.09:353][  0]LogD3D11RHI: Creating new Direct3DDevice
[2019.04.10-15.38.09:353][  0]LogD3D11RHI:     GPU DeviceId: 0x1c8d (for the marketing name, search the web for "GPU Device Id")
[2019.04.10-15.38.09:353][  0]LogWindows: EnumDisplayDevices:
[2019.04.10-15.38.09:354][  0]LogWindows:    0. 'Intel(R) UHD Graphics 630' (P:1 D:1)
[2019.04.10-15.38.09:354][  0]LogWindows:    1. 'Intel(R) UHD Graphics 630' (P:0 D:0)
[2019.04.10-15.38.09:354][  0]LogWindows:    2. 'Intel(R) UHD Graphics 630' (P:0 D:0)
[2019.04.10-15.38.09:354][  0]LogWindows:    3. 'NVIDIA GeForce GTX 1050' (P:0 D:0)
[2019.04.10-15.38.09:354][  0]LogWindows: DebugString: PrimaryIsNotTheChoosenAdapter PrimaryIsNotTheChoosenAdapter PrimaryIsNotTheChoosenAdapter 
[2019.04.10-15.38.09:354][  0]LogD3D11RHI:     Adapter Name: NVIDIA GeForce GTX 1050
[2019.04.10-15.38.09:354][  0]LogD3D11RHI:   Driver Version: 398.36 (internal:24.21.13.9836, unified:398.36)
[2019.04.10-15.38.09:354][  0]LogD3D11RHI:      Driver Date: 6-24-2018
[2019.04.10-15.38.09:354][  0]LogRHI: Texture pool is 2813 MB (70% of 4019 MB)
[2019.04.10-15.38.09:391][  0]LogD3D11RHI: Async texture creation enabled
[2019.04.10-15.38.09:413][  0]LogD3D11RHI: GPU Timing Frequency: 1000.000000 (Debug: 2 2)
[2019.04.10-15.38.09:679][  0]LogTemp: Display: Loaded TP AllDesktopTargetPlatform
[2019.04.10-15.38.09:690][  0]LogTemp: Display: Loaded TP MacClientTargetPlatform
[2019.04.10-15.38.09:703][  0]LogTemp: Display: Loaded TP MacNoEditorTargetPlatform
[2019.04.10-15.38.09:714][  0]LogTemp: Display: Loaded TP MacServerTargetPlatform
[2019.04.10-15.38.09:726][  0]LogTemp: Display: Loaded TP MacTargetPlatform
[2019.04.10-15.38.09:738][  0]LogTemp: Display: Loaded TP WindowsClientTargetPlatform
[2019.04.10-15.38.09:750][  0]LogTemp: Display: Loaded TP WindowsNoEditorTargetPlatform
[2019.04.10-15.38.09:763][  0]LogTemp: Display: Loaded TP WindowsServerTargetPlatform
[2019.04.10-15.38.09:768][  0]LogTemp: Display: Loaded TP WindowsTargetPlatform
[2019.04.10-15.38.09:832][  0]LogTemp: Display: Loaded TP AndroidTargetPlatform
[2019.04.10-15.38.09:832][  0]LogTemp: Display: Loaded TP AndroidTargetPlatform
[2019.04.10-15.38.09:832][  0]LogTemp: Display: Loaded TP AndroidTargetPlatform
[2019.04.10-15.38.09:832][  0]LogTemp: Display: Loaded TP AndroidTargetPlatform
[2019.04.10-15.38.09:832][  0]LogTemp: Display: Loaded TP AndroidTargetPlatform
[2019.04.10-15.38.09:832][  0]LogTemp: Display: Loaded TP AndroidTargetPlatform
[2019.04.10-15.38.09:832][  0]LogTemp: Display: Loaded TP AndroidTargetPlatform
[2019.04.10-15.38.09:832][  0]LogTemp: Display: Loaded TP AndroidTargetPlatform
[2019.04.10-15.38.09:832][  0]LogTemp: Display: Loaded TP AndroidTargetPlatform
[2019.04.10-15.38.09:832][  0]LogTemp: Display: Loaded TP AndroidTargetPlatform
[2019.04.10-15.38.09:832][  0]LogTemp: Display: Loaded TP AndroidTargetPlatform
[2019.04.10-15.38.09:832][  0]LogTemp: Display: Loaded TP AndroidTargetPlatform
[2019.04.10-15.38.09:832][  0]LogTemp: Display: Loaded TP AndroidTargetPlatform
[2019.04.10-15.38.09:832][  0]LogTemp: Display: Loaded TP AndroidTargetPlatform
[2019.04.10-15.38.09:832][  0]LogTemp: Display: Loaded TP AndroidTargetPlatform
[2019.04.10-15.38.09:832][  0]LogTemp: Display: Loaded TP AndroidTargetPlatform
[2019.04.10-15.38.09:832][  0]LogTemp: Display: Loaded TP AndroidTargetPlatform
[2019.04.10-15.38.09:832][  0]LogTemp: Display: Loaded TP AndroidTargetPlatform
[2019.04.10-15.38.09:833][  0]LogTemp: Display: Loaded TP HTML5TargetPlatform
[2019.04.10-15.38.09:889][  0]LogTemp: Display: Loaded TP IOSTargetPlatform
[2019.04.10-15.38.09:889][  0]LogTemp: Display: Loaded TP IOSTargetPlatform
[2019.04.10-15.38.09:910][  0]LogTemp: Display: Loaded TP TVOSTargetPlatform
[2019.04.10-15.38.09:910][  0]LogTemp: Display: Loaded TP TVOSTargetPlatform
[2019.04.10-15.38.09:921][  0]LogTemp: Display: Loaded TP LinuxClientTargetPlatform
[2019.04.10-15.38.09:933][  0]LogTemp: Display: Loaded TP LinuxNoEditorTargetPlatform
[2019.04.10-15.38.09:943][  0]LogTemp: Display: Loaded TP LinuxServerTargetPlatform
[2019.04.10-15.38.09:954][  0]LogTemp: Display: Loaded TP LinuxTargetPlatform
[2019.04.10-15.38.09:996][  0]LogTemp: Display: Loaded TP LuminTargetPlatform
[2019.04.10-15.38.09:996][  0]LogTemp: Display: Loaded TP LuminTargetPlatform
[2019.04.10-15.38.09:996][  0]LogTargetPlatformManager: Display: Building Assets For Windows
[2019.04.10-15.38.10:042][  0]LogShaderCompilers: Guid format shader working directory is 5 characters bigger than the processId version (../../../../../../GitHub/GalagaUnreal/Galaga/Intermediate/Shaders/WorkingDirectory/10332/).
[2019.04.10-15.38.10:043][  0]LogShaderCompilers: Cleaned the shader compiler working directory 'C:/Users/Dominique/AppData/Local/Temp/UnrealShaderWorkingDir/394C599E46118D144ECBC593D991CA4B/'.
[2019.04.10-15.38.10:044][  0]LogXGEController: Cannot use XGE Controller as Incredibuild is not installed on this machine.
[2019.04.10-15.38.10:044][  0]LogShaderCompilers: Cannot use XGE Shader Compiler as Incredibuild is not installed on this machine.
[2019.04.10-15.38.10:044][  0]LogShaderCompilers: Display: Using Local Shader Compiler.
[2019.04.10-15.38.10:528][  0]LogDerivedDataCache: Display: Max Cache Size: 512 MB
[2019.04.10-15.38.10:586][  0]LogDerivedDataCache: Loaded boot cache 0.06s 71MB C:/Users/Dominique/AppData/Local/UnrealEngine/4.21/DerivedDataCache/Boot.ddc.
[2019.04.10-15.38.10:586][  0]LogDerivedDataCache: Display: Loaded Boot cache: C:/Users/Dominique/AppData/Local/UnrealEngine/4.21/DerivedDataCache/Boot.ddc
[2019.04.10-15.38.10:586][  0]LogDerivedDataCache: FDerivedDataBackendGraph:  Pak pak cache file ../../../../../../GitHub/GalagaUnreal/Galaga/DerivedDataCache/DDC.ddp not found, will not use a pak cache.
[2019.04.10-15.38.10:586][  0]LogDerivedDataCache: Unable to find inner node Pak for hierarchical cache Hierarchy.
[2019.04.10-15.38.10:586][  0]LogDerivedDataCache: FDerivedDataBackendGraph:  CompressedPak pak cache file ../../../../../../GitHub/GalagaUnreal/Galaga/DerivedDataCache/Compressed.ddp not found, will not use a pak cache.
[2019.04.10-15.38.10:586][  0]LogDerivedDataCache: Unable to find inner node CompressedPak for hierarchical cache Hierarchy.
[2019.04.10-15.38.10:600][  0]LogDerivedDataCache: Display: Pak cache opened for reading ../../../Engine/DerivedDataCache/Compressed.ddp.
[2019.04.10-15.38.10:600][  0]LogDerivedDataCache: FDerivedDataBackendGraph:  EnterprisePak pak cache file ../../../Enterprise/DerivedDataCache/Compressed.ddp not found, will not use a pak cache.
[2019.04.10-15.38.10:600][  0]LogDerivedDataCache: Unable to find inner node EnterprisePak for hierarchical cache Hierarchy.
[2019.04.10-15.38.10:612][  0]LogDerivedDataCache: Using Local data cache path C:/Users/Dominique/AppData/Local/UnrealEngine/Common/DerivedDataCache: Writable
[2019.04.10-15.38.10:612][  0]LogDerivedDataCache: Shared data cache path not found in *engine.ini, will not use an Shared cache.
[2019.04.10-15.38.10:612][  0]LogDerivedDataCache: Unable to find inner node Shared for hierarchical cache Hierarchy.
[2019.04.10-15.38.10:644][  0]LogMaterial: Verifying Global Shaders for PCD3D_SM5
[2019.04.10-15.38.10:646][  0]LogSlate: Using FreeType 2.6.0
[2019.04.10-15.38.10:646][  0]LogSlate: SlateFontServices - WITH_FREETYPE: 1, WITH_HARFBUZZ: 1
[2019.04.10-15.38.10:724][  0]LogAssetRegistry: FAssetRegistry took 0.0321 seconds to start up
[2019.04.10-15.38.11:031][  0]LogInit: Selected Device Profile: [Windows]
[2019.04.10-15.38.11:165][  0]LogSimplygon: Simplygon DLL not present - disabling.
[2019.04.10-15.38.11:169][  0]LogMeshReduction: Using SimplygonSwarm for distributed automatic mesh merging
[2019.04.10-15.38.11:169][  0]LogMeshReduction: Using ProxyLODMeshReduction for automatic mesh merging
[2019.04.10-15.38.11:169][  0]LogMeshReduction: Using QuadricMeshReduction for automatic static mesh reduction
[2019.04.10-15.38.11:169][  0]LogMeshReduction: No automatic skeletal mesh reduction module available
[2019.04.10-15.38.11:183][  0]LogNetVersion: Galaga 1.0.0, NetCL: 4541578, EngineNetVer: 5, GameNetVer: 0 (Checksum: 3537324641)
[2019.04.10-15.38.11:669][  0]LogPackageLocalizationCache: Processed 11 localized package path(s) for 2 prioritized culture(s) in 0.096127 seconds
[2019.04.10-15.38.11:677][  0]LogUObjectArray: 39775 objects as part of root set at end of initial load.
[2019.04.10-15.38.11:677][  0]LogUObjectAllocator: 6914656 out of 0 bytes used by permanent object pool.
[2019.04.10-15.38.11:677][  0]LogUObjectArray: CloseDisregardForGC: 0/0 objects in disregard for GC pool
[2019.04.10-15.38.12:484][  0]LogTcpMessaging: Initializing TcpMessaging bridge
[2019.04.10-15.38.12:498][  0]LogUdpMessaging: Initializing bridge on interface 0.0.0.0:0 to multicast group 230.0.0.1:6666.
[2019.04.10-15.38.13:122][  0]SourceControl: Source control is disabled
[2019.04.10-15.38.13:122][  0]SourceControl: Source control is disabled
[2019.04.10-15.38.13:123][  0]SourceControl: Source control is disabled
[2019.04.10-15.38.13:124][  0]SourceControl: Source control is disabled
[2019.04.10-15.38.13:296][  0]LogAndroidPermission: UAndroidPermissionCallbackProxy::GetInstance
[2019.04.10-15.38.13:348][  0]LogOcInput: OculusInput pre-init called
[2019.04.10-15.38.13:484][  0]LogEngine: Initializing Engine...
[2019.04.10-15.38.13:484][  0]LogHMD: Failed to initialize OpenVR with code 110
[2019.04.10-15.38.13:486][  0]LogStats: UGameplayTagsManager::ConstructGameplayTagTree: ImportINI prefixes -  0.000 s
[2019.04.10-15.38.13:486][  0]LogStats: UGameplayTagsManager::ConstructGameplayTagTree: Construct from data asset -  0.000 s
[2019.04.10-15.38.13:486][  0]LogStats: UGameplayTagsManager::ConstructGameplayTagTree: ImportINI -  0.000 s
[2019.04.10-15.38.13:486][  0]LogStats: UGameplayTagsManager::ConstructGameplayTagTree: GameplayTagTreeChangedEvent.Broadcast -  0.000 s
[2019.04.10-15.38.13:750][  0]LogInit: Initializing FReadOnlyCVARCache
[2019.04.10-15.38.13:765][  0]LogAIModule: Creating AISystem for world Untitled
[2019.04.10-15.38.13:848][  0]LogInit: XAudio2 using 'Speakers/Headphones (Realtek(R) Audio)' : 2 channels at 48 kHz using 32 bits per sample (channel mask 0x3)
[2019.04.10-15.38.13:929][  0]LogInit: FAudioDevice initialized.
[2019.04.10-15.38.13:929][  0]LogNetVersion: Set ProjectVersion to 1.0.0.0. Version Checksum will be recalculated on next use.
[2019.04.10-15.38.14:060][  0]LogDerivedDataCache: Saved boot cache 0.13s 71MB C:/Users/Dominique/AppData/Local/UnrealEngine/4.21/DerivedDataCache/Boot.ddc.
[2019.04.10-15.38.14:070][  0]LogInit: Texture streaming: Enabled
[2019.04.10-15.38.14:091][  0]LogEngineSessionManager: EngineSessionManager initialized
[2019.04.10-15.38.14:102][  0]LogInit: Transaction tracking system initialized
[2019.04.10-15.38.14:127][  0]BlueprintLog: New page: Editor Load
[2019.04.10-15.38.14:201][  0]LocalizationService: Localization service is disabled
[2019.04.10-15.38.14:702][  0]LogFileCache: Scanning file cache for directory 'C:/GitHub/GalagaUnreal/Galaga/Content/' took 0.02s
[2019.04.10-15.38.14:702][  0]LogCook: Display: Max memory allowance for cook 16384mb min free memory 0mb
[2019.04.10-15.38.14:702][  0]LogCook: Display: Mobile HDR setting 1
[2019.04.10-15.38.14:702][  0]LogGameplayTags: Display: UGameplayTagsManager::DoneAddingNativeTags. DelegateIsBound: 0
[2019.04.10-15.38.14:702][  0]LogStats: UGameplayTagsManager::ConstructGameplayTagTree: ImportINI prefixes -  0.000 s
[2019.04.10-15.38.14:702][  0]LogStats: UGameplayTagsManager::ConstructGameplayTagTree: Construct from data asset -  0.000 s
[2019.04.10-15.38.14:703][  0]LogStats: UGameplayTagsManager::ConstructGameplayTagTree: ImportINI -  0.000 s
[2019.04.10-15.38.14:703][  0]LogStats: UGameplayTagsManager::ConstructGameplayTagTree: GameplayTagTreeChangedEvent.Broadcast -  0.000 s
[2019.04.10-15.38.14:875][  0]SourceControl: Source control is disabled
[2019.04.10-15.38.14:875][  0]Cmd: MAP LOAD FILE="../../../../../../GitHub/GalagaUnreal/Galaga/Content/Levels/Menu.umap" TEMPLATE=0 SHOWPROGRESS=1 FEATURELEVEL=3
[2019.04.10-15.38.14:876][  0]LightingResults: New page: Lighting Build
[2019.04.10-15.38.14:878][  0]MapCheck: New page: Map Check
[2019.04.10-15.38.14:879][  0]LightingResults: New page: Lighting Build
[2019.04.10-15.38.14:981][  0]LogAIModule: Creating AISystem for world Menu
[2019.04.10-15.38.14:982][  0]LogStreaming: Display: ULevelStreaming::RequestLevel(/Game/Levels/Game) is flushing async loading
[2019.04.10-15.38.14:982][  0]LogStreaming: Display: Flushing async loaders.
[2019.04.10-15.38.15:385][  0]LogEditorServer: Finished looking for orphan Actors (0.000 secs)
[2019.04.10-15.38.15:406][  0]Cmd: MAP CHECKDEP NOCLEARLOG
[2019.04.10-15.38.15:406][  0]MapCheck: Map check complete: 0 Error(s), 0 Warning(s), took 0.17ms to complete.
[2019.04.10-15.38.15:406][  0]LogFileHelpers: Loading map 'Menu' took 0.531
[2019.04.10-15.38.15:525][  0]LogSlate: Updating window title bar state: overlay mode, drag disabled, window buttons hidden, title bar hidden
[2019.04.10-15.38.15:535][  0]LogSlate: Updating window title bar state: overlay mode, drag disabled, window buttons hidden, title bar hidden
[2019.04.10-15.38.15:547][  0]LogSlate: Updating window title bar state: overlay mode, drag disabled, window buttons hidden, title bar hidden
[2019.04.10-15.38.15:554][  0]LogSlate: Updating window title bar state: overlay mode, drag disabled, window buttons hidden, title bar hidden
[2019.04.10-15.38.15:568][  0]LogCollectionManager: Loaded 0 collections in 0.001885 seconds
[2019.04.10-15.38.15:603][  0]LogFileCache: Scanning file cache for directory 'C:/GitHub/GalagaUnreal/Galaga/Saved/Collections/' took 0.01s
[2019.04.10-15.38.15:603][  0]LogFileCache: Scanning file cache for directory 'C:/GitHub/GalagaUnreal/Galaga/Content/Developers/Dominique/Collections/' took 0.01s
[2019.04.10-15.38.15:603][  0]LogFileCache: Scanning file cache for directory 'C:/GitHub/GalagaUnreal/Galaga/Content/Collections/' took 0.00s
[2019.04.10-15.38.15:603][  0]LogCollectionManager: Rebuilt the GUID cache for 0 collections in 0.000000 seconds
[2019.04.10-15.38.15:613][  0]LogContentBrowser: Native class hierarchy populated in 0.0100 seconds. Added 2652 classes and 622 folders.
[2019.04.10-15.38.15:621][  0]LogContentBrowser: Native class hierarchy updated for 'WidgetCarousel' in 0.0003 seconds. Added 0 classes and 0 folders.
[2019.04.10-15.38.15:639][  0]LogPakFile: Registered encryption key '00000000000000000000000000000000': 0 pak files mounted, 0 remain pending
[2019.04.10-15.38.15:652][  0]LogPakFile: Registered encryption key '00000000000000000000000000000000': 0 pak files mounted, 0 remain pending
[2019.04.10-15.38.15:667][  0]LogPakFile: Registered encryption key '00000000000000000000000000000000': 0 pak files mounted, 0 remain pending
[2019.04.10-15.38.15:675][  0]LogPakFile: Registered encryption key '00000000000000000000000000000000': 0 pak files mounted, 0 remain pending
[2019.04.10-15.38.15:683][  0]LogPakFile: Registered encryption key '00000000000000000000000000000000': 0 pak files mounted, 0 remain pending
[2019.04.10-15.38.15:689][  0]LogPakFile: Registered encryption key '00000000000000000000000000000000': 0 pak files mounted, 0 remain pending
[2019.04.10-15.38.15:695][  0]LogPakFile: Registered encryption key '00000000000000000000000000000000': 0 pak files mounted, 0 remain pending
[2019.04.10-15.38.15:701][  0]LogPakFile: Registered encryption key '00000000000000000000000000000000': 0 pak files mounted, 0 remain pending
[2019.04.10-15.38.15:708][  0]LogPakFile: Registered encryption key '00000000000000000000000000000000': 0 pak files mounted, 0 remain pending
[2019.04.10-15.38.15:715][  0]LogPakFile: Registered encryption key '00000000000000000000000000000000': 0 pak files mounted, 0 remain pending
[2019.04.10-15.38.15:720][  0]LogPakFile: Registered encryption key '00000000000000000000000000000000': 0 pak files mounted, 0 remain pending
[2019.04.10-15.38.15:726][  0]LogPakFile: Registered encryption key '00000000000000000000000000000000': 0 pak files mounted, 0 remain pending
[2019.04.10-15.38.15:734][  0]LogPakFile: Registered encryption key '00000000000000000000000000000000': 0 pak files mounted, 0 remain pending
[2019.04.10-15.38.15:740][  0]LogPakFile: Registered encryption key '00000000000000000000000000000000': 0 pak files mounted, 0 remain pending
[2019.04.10-15.38.15:745][  0]LogPakFile: Registered encryption key '00000000000000000000000000000000': 0 pak files mounted, 0 remain pending
[2019.04.10-15.38.15:749][  0]LogPakFile: Registered encryption key '00000000000000000000000000000000': 0 pak files mounted, 0 remain pending
[2019.04.10-15.38.15:770][  0]LogPakFile: Registered encryption key '00000000000000000000000000000000': 0 pak files mounted, 0 remain pending
[2019.04.10-15.38.15:775][  0]LogPakFile: Registered encryption key '00000000000000000000000000000000': 0 pak files mounted, 0 remain pending
[2019.04.10-15.38.15:781][  0]LogPakFile: Registered encryption key '00000000000000000000000000000000': 0 pak files mounted, 0 remain pending
[2019.04.10-15.38.15:786][  0]LogPakFile: Registered encryption key '00000000000000000000000000000000': 0 pak files mounted, 0 remain pending
[2019.04.10-15.38.15:809][  0]LogPakFile: Registered encryption key '00000000000000000000000000000000': 0 pak files mounted, 0 remain pending
[2019.04.10-15.38.15:815][  0]LogPakFile: Registered encryption key '00000000000000000000000000000000': 0 pak files mounted, 0 remain pending
[2019.04.10-15.38.15:821][  0]LogPakFile: Registered encryption key '00000000000000000000000000000000': 0 pak files mounted, 0 remain pending
[2019.04.10-15.38.15:828][  0]LogPakFile: Registered encryption key '00000000000000000000000000000000': 0 pak files mounted, 0 remain pending
[2019.04.10-15.38.15:835][  0]LogPakFile: Registered encryption key '00000000000000000000000000000000': 0 pak files mounted, 0 remain pending
[2019.04.10-15.38.15:840][  0]LogPakFile: Registered encryption key '00000000000000000000000000000000': 0 pak files mounted, 0 remain pending
[2019.04.10-15.38.15:995][  0]LogContentBrowser: Native class hierarchy updated for 'AddContentDialog' in 0.0002 seconds. Added 0 classes and 0 folders.
[2019.04.10-15.38.16:010][  0]LogSlate: Took 0.000181 seconds to synchronously load lazily loaded font '../../../Engine/Content/Slate/Fonts/Roboto-Regular.ttf' (155K)
[2019.04.10-15.38.16:015][  0]LogSlate: Took 0.000205 seconds to synchronously load lazily loaded font '../../../Engine/Content/Slate/Fonts/Roboto-Bold.ttf' (160K)
[2019.04.10-15.38.16:026][  0]LogSlate: Took 0.008608 seconds to synchronously load lazily loaded font '../../../Engine/Content/Editor/Slate/Fonts/FontAwesome.ttf' (139K)
[2019.04.10-15.38.16:107][  0]LogRenderer: Reallocating scene render targets to support 1208x616 Format 10 NumSamples 1 (Frame:1).
[2019.04.10-15.38.16:362][  0]LogContentBrowser: Native class hierarchy updated for 'HierarchicalLODOutliner' in 0.0002 seconds. Added 0 classes and 0 folders.
[2019.04.10-15.38.16:362][  0]LogLoad: (Engine Initialization) Total time: 9.83 seconds
[2019.04.10-15.38.16:362][  0]LogLoad: (Engine Initialization) Total Blueprint compile time: 0.00 seconds
[2019.04.10-15.38.16:381][  0]LogWindowsTextInputMethodSystem: Display: IME system now deactivated.
[2019.04.10-15.38.16:427][  0]LogContentStreaming: Texture pool size now 1000 MB
[2019.04.10-15.38.16:460][  0]LogSlate: Took 0.005772 seconds to synchronously load lazily loaded font '../../../Engine/Content/Slate/Fonts/Roboto-Light.ttf' (167K)
[2019.04.10-15.38.16:576][  3]LogAssetRegistry: Asset discovery search completed in 5.8749 seconds
[2019.04.10-15.38.16:578][  3]LogCollectionManager: Rebuilt the object cache for 0 collections in 0.000000 seconds (found 0 objects)
[2019.04.10-15.38.16:578][  3]LogCollectionManager: Fixed up redirectors for 0 collections in 0.000060 seconds (updated 0 objects)
[2019.04.10-15.38.18:753][132]LogSlate: FSceneViewport::OnFocusLost() reason 0
[2019.04.10-15.38.18:836][137]LogTemp: Repeating last play command: Selected Viewport
[2019.04.10-15.38.18:851][137]LogBlueprintUserMessages: Early PlayInEditor Detection: Level '/Game/Levels/Menu.Menu:PersistentLevel' has LevelScriptBlueprint '/Game/Levels/Menu.Menu:PersistentLevel.Menu' with GeneratedClass '/Game/Levels/Menu.Menu_C' with ClassGeneratedBy '/Game/Levels/Menu.Menu:PersistentLevel.Menu'
[2019.04.10-15.38.18:851][137]LogBlueprintUserMessages: Early PlayInEditor Detection: Level '/Game/Levels/Game.Game:PersistentLevel' has LevelScriptBlueprint '/Game/Levels/Game.Game:PersistentLevel.Game' with GeneratedClass '/Game/Levels/Game.Game_C' with ClassGeneratedBy '/Game/Levels/Game.Game:PersistentLevel.Game'
[2019.04.10-15.38.18:851][137]LogPlayLevel: PlayLevel: No blueprints needed recompiling
[2019.04.10-15.38.18:851][137]PIE: New page: PIE session: Menu (10 Apr 2019 17:38:18)
[2019.04.10-15.38.18:864][137]LogPlayLevel: Creating play world package: /Game/Levels/UEDPIE_0_Menu
[2019.04.10-15.38.18:865][137]LogPlayLevel: PIE: StaticDuplicateObject took: (0.000991s)
[2019.04.10-15.38.18:865][137]LogAIModule: Creating AISystem for world Menu
[2019.04.10-15.38.18:866][137]LogPlayLevel: PIE: World Init took: (0.000441s)
[2019.04.10-15.38.18:866][137]LogPlayLevel: PIE: Created PIE world by copying editor world from /Game/Levels/Menu.Menu to /Game/Levels/UEDPIE_0_Menu.Menu (0.001634s)
[2019.04.10-15.38.18:886][137]LogInit: XAudio2 using 'Speakers/Headphones (Realtek(R) Audio)' : 2 channels at 48 kHz using 32 bits per sample (channel mask 0x3)
[2019.04.10-15.38.18:954][137]LogInit: FAudioDevice initialized.
[2019.04.10-15.38.18:995][137]LogLoad: Game class is 'BP_GameMode_C'
[2019.04.10-15.38.18:996][137]LogWorld: Bringing World /Game/Levels/UEDPIE_0_Menu.Menu up for play (max tick rate 60) at 2019.04.10-16.38.18
[2019.04.10-15.38.18:997][137]LogWorld: Bringing up level for play took: 0.000463
[2019.04.10-15.38.19:008][137]LogGameMode: FindPlayerStart: PATHS NOT DEFINED or NO PLAYERSTART with positive rating
[2019.04.10-15.38.19:013][137]LogContentBrowser: Native class hierarchy updated for 'MovieSceneCapture' in 0.0003 seconds. Added 20 classes and 0 folders.
[2019.04.10-15.38.19:015][137]LogPlayerController: Error: InputMode:UIOnly - Attempting to focus Non-Focusable widget SObjectWidget [Widget.cpp(710)]!
[2019.04.10-15.38.19:015][137]PIE: Play in editor start time for /Game/Levels/UEDPIE_0_Menu 0.944
[2019.04.10-15.38.19:015][137]LogBlueprintUserMessages: Late PlayInEditor Detection: Level '/Game/Levels/Menu.Menu:PersistentLevel' has LevelScriptBlueprint '/Game/Levels/Menu.Menu:PersistentLevel.Menu' with GeneratedClass '/Game/Levels/Menu.Menu_C' with ClassGeneratedBy '/Game/Levels/Menu.Menu:PersistentLevel.Menu'
[2019.04.10-15.38.19:015][137]LogBlueprintUserMessages: Late PlayInEditor Detection: Level '/Game/Levels/Game.Game:PersistentLevel' has LevelScriptBlueprint '/Game/Levels/Game.Game:PersistentLevel.Game' with GeneratedClass '/Game/Levels/Game.Game_C' with ClassGeneratedBy '/Game/Levels/Game.Game:PersistentLevel.Game'
[2019.04.10-15.38.19:019][137]LogAudio: Warning: Detected orphaned looping sound 'BackgroundCue'.
[2019.04.10-15.38.20:104][202]LogSlate: FSceneViewport::OnFocusLost() reason 0
[2019.04.10-15.38.24:058][439]LogNet: Browse: /Game/Levels/Game
[2019.04.10-15.38.24:059][439]LogLoad: LoadMap: /Game/Levels/Game
[2019.04.10-15.38.24:083][439]LogPlayLevel: Creating play world package: /Game/Levels/UEDPIE_0_Game
[2019.04.10-15.38.24:084][439]LogPlayLevel: PIE: StaticDuplicateObject took: (0.001418s)
[2019.04.10-15.38.24:086][439]LogAIModule: Creating AISystem for world Game
[2019.04.10-15.38.24:086][439]LogPlayLevel: PIE: World Init took: (0.001516s)
[2019.04.10-15.38.24:086][439]LogPlayLevel: PIE: Created PIE world by copying editor world from /Game/Levels/Game.Game to /Game/Levels/UEDPIE_0_Game.Game (0.003185s)
[2019.04.10-15.38.24:086][439]LogLoad: Game class is 'BP_GameMode_C'
[2019.04.10-15.38.24:087][439]LogWorld: Bringing World /Game/Levels/UEDPIE_0_Game.Game up for play (max tick rate 60) at 2019.04.10-16.38.24
[2019.04.10-15.38.24:088][439]LogWorld: Bringing up level for play took: 0.000736
[2019.04.10-15.38.24:090][439]LogLoad: Took 0.031022 seconds to LoadMap(/Game/Levels/UEDPIE_0_Game)
[2019.04.10-15.38.24:090][439]LogAudio: Warning: Detected orphaned looping sound 'FlyingCue'.
[2019.04.10-15.38.26:260][569]LogBlueprintUserMessages: Early EndPlayMap Detection: Level '/Game/Levels/Menu.Menu:PersistentLevel' has LevelScriptBlueprint '/Game/Levels/Menu.Menu:PersistentLevel.Menu' with GeneratedClass '/Game/Levels/Menu.Menu_C' with ClassGeneratedBy '/Game/Levels/Menu.Menu:PersistentLevel.Menu'
[2019.04.10-15.38.26:260][569]LogBlueprintUserMessages: Early EndPlayMap Detection: Level '/Game/Levels/Game.Game:PersistentLevel' has LevelScriptBlueprint '/Game/Levels/Game.Game:PersistentLevel.Game' with GeneratedClass '/Game/Levels/Game.Game_C' with ClassGeneratedBy '/Game/Levels/Game.Game:PersistentLevel.Game'
[2019.04.10-15.38.26:260][569]LogSlate: Updating window title bar state: overlay mode, drag disabled, window buttons hidden, title bar hidden
[2019.04.10-15.38.26:297][569]LogPlayLevel: Display: Shutting down PIE online subsystems
[2019.04.10-15.38.26:297][569]LogBlueprintUserMessages: Late EndPlayMap Detection: Level '/Game/Levels/Menu.Menu:PersistentLevel' has LevelScriptBlueprint '/Game/Levels/Menu.Menu:PersistentLevel.Menu' with GeneratedClass '/Game/Levels/Menu.Menu_C' with ClassGeneratedBy '/Game/Levels/Menu.Menu:PersistentLevel.Menu'
[2019.04.10-15.38.26:297][569]LogBlueprintUserMessages: Late EndPlayMap Detection: Level '/Game/Levels/Game.Game:PersistentLevel' has LevelScriptBlueprint '/Game/Levels/Game.Game:PersistentLevel.Game' with GeneratedClass '/Game/Levels/Game.Game_C' with ClassGeneratedBy '/Game/Levels/Game.Game:PersistentLevel.Game'
[2019.04.10-15.38.26:319][569]LogSlate: Updating window title bar state: overlay mode, drag disabled, window buttons hidden, title bar hidden
[2019.04.10-15.38.26:361][571]LogPlayLevel: Display: Destroying online subsystem :Context_1
[2019.04.10-15.38.27:687][650]LogSlate: FSceneViewport::OnFocusLost() reason 2
[2019.04.10-15.38.28:757][714]LogSlate: FSceneViewport::OnFocusLost() reason 2
[2019.04.10-15.38.29:198][740]LogSlate: FSceneViewport::OnFocusLost() reason 2
[2019.04.10-15.38.30:299][806]LogSlate: FSceneViewport::OnFocusLost() reason 2
[2019.04.10-15.38.30:313][806]LogContentBrowser: Native class hierarchy updated for 'WorldBrowser' in 0.0002 seconds. Added 2 classes and 3 folders.
[2019.04.10-15.38.35:515][118]LogSlate: Window 'Levels' being destroyed
[2019.04.10-15.38.35:522][118]LogSlate: Window 'Levels' being destroyed
[2019.04.10-15.38.36:333][167]LogSlate: FSceneViewport::OnFocusLost() reason 0
[2019.04.10-15.38.36:471][175]LogSlate: Took 0.000305 seconds to synchronously load lazily loaded font '../../../Engine/Content/Slate/Fonts/Roboto-Light.ttf' (167K)
[2019.04.10-15.38.36:477][175]LogAssetEditorManager: Opening Asset editor for World /Game/Levels/Game.Game
[2019.04.10-15.38.36:500][175]Cmd: MAP LOAD FILE="../../../../../../GitHub/GalagaUnreal/Galaga/Content/Levels/Game.umap" TEMPLATE=0 SHOWPROGRESS=1 FEATURELEVEL=3
[2019.04.10-15.38.36:500][175]LightingResults: New page: Lighting Build
[2019.04.10-15.38.36:501][175]LoadErrors: New page: Loading map: Game.umap
[2019.04.10-15.38.36:501][175]MapCheck: New page: Map Check
[2019.04.10-15.38.36:501][175]LightingResults: New page: Lighting Build
[2019.04.10-15.38.36:522][175]LogAIModule: Creating AISystem for world Game
[2019.04.10-15.38.36:523][175]LogEditorServer: Finished looking for orphan Actors (0.000 secs)
[2019.04.10-15.38.36:570][175]Cmd: MAP CHECKDEP NOCLEARLOG
[2019.04.10-15.38.36:570][175]MapCheck: Map check complete: 0 Error(s), 0 Warning(s), took 0.106ms to complete.
[2019.04.10-15.38.36:570][175]LogFileHelpers: Loading map 'Game' took 0.071
[2019.04.10-15.38.38:395][282]LogSlate: FSceneViewport::OnFocusLost() reason 0
[2019.04.10-15.39.16:959][567]LogEditorViewport: Clicking on Actor (LMB): StaticMeshActor (Background)
[2019.04.10-15.39.18:185][601]LogSlate: FSceneViewport::OnFocusLost() reason 2
[2019.04.10-15.39.22:377][849]LogSlate: FSceneViewport::OnFocusLost() reason 2
[2019.04.10-15.39.23:752][931]LogSlate: FSceneViewport::OnFocusLost() reason 2
[2019.04.10-15.39.24:138][954]LogSlate: FSceneViewport::OnFocusLost() reason 2
[2019.04.10-15.39.27:158][135]LogSlate: FSceneViewport::OnFocusLost() reason 2
[2019.04.10-15.39.28:084][135]LogSlate: Only BGRA pngs, bmps or icos are supported in by External Image Picker
[2019.04.10-15.39.28:153][136]LogTemp: Executing iPhonePackager certificates Engine -bundlename com.YourCompany.Galaga
[2019.04.10-15.39.28:153][136]LogTemp: CWD: C:\Program Files\Epic Games\UE_4.21\Engine\Binaries\DotNET\IOS
[2019.04.10-15.39.28:153][136]LogTemp: Initial Dir: C:\Program Files\Epic Games\UE_4.21
[2019.04.10-15.39.28:153][136]LogTemp: Env CWD: C:\Program Files\Epic Games\UE_4.21\Engine\Binaries\DotNET\IOS
[2019.04.10-15.39.28:153][136]LogTemp: BranchPath = DESKTOP-NA5M34A/C/Program Files/Epic Games/UE_4.21/Engine/Binaries --- GameBranchPath = DESKTOP-NA5M34A/C/Program Files/Epic Games/UE_4.21/Engine/Binaries
[2019.04.10-15.39.28:153][136]LogTemp: IPP ERROR: Could not find provision directory 'C:\Users\Dominique\AppData\Local/Apple Computer/MobileDevice/Provisioning Profiles/'.
[2019.04.10-15.39.39:687][812]LogSlate: Window 'Project Settings' being destroyed
[2019.04.10-15.39.39:693][812]LogSlate: Window 'Project Settings' being destroyed
[2019.04.10-15.41.31:176][263]LogSlate: FSceneViewport::OnFocusLost() reason 0
[2019.04.10-15.41.31:921][306]LogAIModule: Creating AISystem for world Menu
[2019.04.10-15.41.31:938][306]LogSlate: FSceneViewport::OnFocusLost() reason 2
[2019.04.10-15.41.37:795][652]LogSlate: FSceneViewport::OnFocusLost() reason 2
[2019.04.10-15.41.37:798][652]LogAssetEditorManager: Opening Asset editor for World /Game/Levels/Menu.Menu
[2019.04.10-15.41.37:819][652]Cmd: MAP LOAD FILE="../../../../../../GitHub/GalagaUnreal/Galaga/Content/Levels/Menu.umap" TEMPLATE=0 SHOWPROGRESS=1 FEATURELEVEL=3
[2019.04.10-15.41.37:821][652]LightingResults: New page: Lighting Build
[2019.04.10-15.41.37:821][652]LoadErrors: New page: Loading map: Menu.umap
[2019.04.10-15.41.37:824][652]MapCheck: New page: Map Check
[2019.04.10-15.41.37:824][652]LightingResults: New page: Lighting Build
[2019.04.10-15.41.37:846][652]LogStreaming: Display: ULevelStreaming::RequestLevel(/Game/Levels/Game) is flushing async loading
[2019.04.10-15.41.37:846][652]LogStreaming: Display: Flushing async loaders.
[2019.04.10-15.41.37:859][652]LogEditorServer: Finished looking for orphan Actors (0.000 secs)
[2019.04.10-15.41.37:907][652]Cmd: MAP CHECKDEP NOCLEARLOG
[2019.04.10-15.41.37:908][652]MapCheck: Map check complete: 0 Error(s), 0 Warning(s), took 0.154ms to complete.
[2019.04.10-15.41.37:908][652]LogFileHelpers: Loading map 'Menu' took 0.090
[2019.04.10-15.41.40:552][807]LogSlate: FSceneViewport::OnFocusLost() reason 2
[2019.04.10-15.41.57:369][814]LogSlate: Window 'Levels' being destroyed
[2019.04.10-15.41.57:372][814]LogSlate: Window 'Levels' being destroyed
[2019.04.10-15.41.58:924][907]LogAssetEditorManager: Opening Asset editor for World /Game/Levels/Game.Game
[2019.04.10-15.41.58:945][907]Cmd: MAP LOAD FILE="../../../../../../GitHub/GalagaUnreal/Galaga/Content/Levels/Game.umap" TEMPLATE=0 SHOWPROGRESS=1 FEATURELEVEL=3
[2019.04.10-15.41.58:946][907]LightingResults: New page: Lighting Build
[2019.04.10-15.41.58:946][907]LoadErrors: New page: Loading map: Game.umap
[2019.04.10-15.41.58:947][907]MapCheck: New page: Map Check
[2019.04.10-15.41.58:947][907]LightingResults: New page: Lighting Build
[2019.04.10-15.41.58:966][907]LogAIModule: Creating AISystem for world Game
[2019.04.10-15.41.58:967][907]LogEditorServer: Finished looking for orphan Actors (0.000 secs)
[2019.04.10-15.41.59:013][907]Cmd: MAP CHECKDEP NOCLEARLOG
[2019.04.10-15.41.59:013][907]MapCheck: Map check complete: 0 Error(s), 0 Warning(s), took 0.105ms to complete.
[2019.04.10-15.41.59:014][907]LogFileHelpers: Loading map 'Game' took 0.069
[2019.04.10-15.42.13:685][783]LogSlate: Window 'Level Details' being destroyed
[2019.04.10-15.42.13:688][783]LogSlate: Window 'Level Details' being destroyed
[2019.04.10-15.42.15:202][874]LogSlate: Window 'Levels' being destroyed
[2019.04.10-15.42.15:208][874]LogSlate: Window 'Levels' being destroyed
