"../../../../../../GitHub/GalagaUnreal/Galaga/Content/Assets/Art/asteroid_explosion_sheet.uasset" 0
"../../../../../../GitHub/GalagaUnreal/Galaga/Content/Assets/Art/smoke_sheet.uasset" 1
"../../../../../../GitHub/GalagaUnreal/Galaga/Content/Assets/Fonts/nimavisual_trench/trench100free.uasset" 2
"../../../../../../GitHub/GalagaUnreal/Galaga/Content/Assets/Fonts/nimavisual_trench/trench100free_Font1.uasset" 3
"../../../../../../GitHub/GalagaUnreal/Galaga/Content/Assets/SFX/WAV/Explosion.uasset" 4
"../../../../../../GitHub/GalagaUnreal/Galaga/Content/Assets/SFX/WAV/Explosion1.uasset" 5
"../../../Engine/Content/Functions/Engine_MaterialFunctions01/Opacity/CameraDepthFade.uasset" 6
"../../../Engine/Content/EngineMaterials/T_Default_Material_Grid_M.uasset" 7
"../../../Engine/Content/EngineMaterials/T_Default_Material_Grid_N.uasset" 8
"../../../Engine/Content/EngineMaterials/WorldGridMaterial.uasset" 9
"../../../Engine/Content/ArtTools/RenderToTexture/Meshes/S_1_Unit_Plane.uasset" 10
"../../../Engine/Content/EngineMaterials/DefaultMaterial.uasset" 11
"../../../Engine/Content/BasicShapes/Cone.uasset" 12
"../../../Engine/Content/BasicShapes/Cylinder.uasset" 13
"../../../Engine/Content/BasicShapes/Plane.uasset" 14
"../../../Engine/Content/BasicShapes/Sphere.uasset" 15
"../../../Engine/Content/EditorLandscapeResources/DataLayer.uasset" 16
"../../../Engine/Content/EditorMaterials/GizmoMaterial.uasset" 17
"../../../Engine/Content/EditorMaterials/MAT_Groups_Toggle.uasset" 18
"../../../Engine/Content/EditorMaterials/MAT_Groups_Visibility.uasset" 19
"../../../Engine/Content/EditorMaterials/PreviewShadowIndicator.uasset" 20
"../../../Engine/Content/EditorMaterials/PreviewShadowIndicatorMaterial.uasset" 21
"../../../Engine/Content/EditorMaterials/MatineeGroups/MAT_ColorTrack.uasset" 22
"../../../Engine/Content/EditorMaterials/MatineeGroups/MAT_Groups_Anim.uasset" 23
"../../../Engine/Content/EditorMaterials/MatineeGroups/MAT_Groups_AudioMaster.uasset" 24
"../../../Engine/Content/EditorMaterials/MatineeGroups/MAT_Groups_Director.uasset" 25
"../../../Engine/Content/EditorMaterials/MatineeGroups/MAT_Groups_Event.uasset" 26
"../../../Engine/Content/EditorMaterials/MatineeGroups/MAT_Groups_Fade.uasset" 27
"../../../Engine/Content/EditorMaterials/MatineeGroups/MAT_Groups_Float.uasset" 28
"../../../Engine/Content/EditorMaterials/MatineeGroups/MAT_Groups_Move.uasset" 29
"../../../Engine/Content/EditorMaterials/MatineeGroups/MAT_Groups_Slomo.uasset" 30
"../../../Engine/Content/EditorMaterials/MatineeGroups/MAT_Groups_Sound.uasset" 31
"../../../Engine/Content/EditorMaterials/MatineeGroups/MAT_Groups_Vector.uasset" 32
"../../../Engine/Content/EditorMaterials/ParticleSystems/PSysThumbnail_NoImage.uasset" 33
"../../../Engine/Content/EditorMaterials/ParticleSystems/PSysThumbnail_OOD.uasset" 34
"../../../Engine/Content/EditorMaterials/Camera/CineMat.uasset" 35
"../../../Engine/Content/EditorMaterials/Camera/MI_CineMat_Rig.uasset" 36
"../../../Engine/Content/EditorMeshes/Camera/SM_CraneRig_Arm.uasset" 37
"../../../Engine/Content/EditorMeshes/Camera/SM_CraneRig_Base.uasset" 38
"../../../Engine/Content/EditorMeshes/Camera/SM_CraneRig_Body.uasset" 39
"../../../Engine/Content/EditorMeshes/Camera/SM_CraneRig_Mount.uasset" 40
"../../../Engine/Content/EditorMeshes/Camera/SM_RailRig_Mount.uasset" 41
"../../../Engine/Content/EditorMeshes/Camera/SM_RailRig_Track.uasset" 42
"../../../Engine/Content/EditorResources/BSPVertex.uasset" 43
"../../../Engine/Content/EditorResources/EmptyActor.uasset" 44
"../../../Engine/Content/EditorResources/S_Actor.uasset" 45
"../../../Engine/Content/EditorResources/S_Trigger.uasset" 46
"../../../Engine/Content/EditorResources/LightIcons/S_LightError.uasset" 47
"../../../Engine/Content/EditorResources/SequenceRecorder/Countdown.uasset" 48
"../../../Engine/Content/EditorResources/SequenceRecorder/RecordingIndicator.uasset" 49
"../../../Engine/Content/EditorSounds/Notifications/CompileFailed.uasset" 50
"../../../Engine/Content/EditorSounds/Notifications/CompileFailed_Cue.uasset" 51
"../../../Engine/Content/EditorSounds/Notifications/CompileSuccess.uasset" 52
"../../../Engine/Content/EditorSounds/Notifications/CompileStart_Cue.uasset" 53
"../../../Engine/Content/EditorSounds/Notifications/CompileSuccess_Cue.uasset" 54
"../../../Engine/Content/EngineDamageTypes/DmgTypeBP_Environmental.uasset" 55
"../../../Engine/Content/EngineDebugMaterials/HeatmapGradient.uasset" 56
"../../../Engine/Content/EngineDebugMaterials/BoneWeightMaterial.uasset" 57
"../../../Engine/Content/EngineDebugMaterials/ClothMaterial.uasset" 58
"../../../Engine/Content/EngineDebugMaterials/ClothMaterial_WF.uasset" 59
"../../../Engine/Content/EngineDebugMaterials/DebugEditorMaterial.uasset" 60
"../../../Engine/Content/EngineDebugMaterials/DebugMeshMaterial.uasset" 61
"../../../Engine/Content/EngineDebugMaterials/GeomMaterial.uasset" 62
"../../../Engine/Content/EngineDebugMaterials/M_SimpleTranslucent.uasset" 63
"../../../Engine/Content/EngineFonts/Faces/RobotoBold.uasset" 64
"../../../Engine/Content/EngineFonts/Faces/RobotoBoldItalic.uasset" 65
"../../../Engine/Content/EngineFonts/Faces/RobotoItalic.uasset" 66
"../../../Engine/Content/EngineFonts/Faces/RobotoLight.uasset" 67
"../../../Engine/Content/EngineFonts/Faces/RobotoRegular.uasset" 68
"../../../Engine/Content/EngineFonts/Roboto.uasset" 69
"../../../Engine/Content/EngineFonts/Faces/RobotoTiny.uasset" 70
"../../../Engine/Content/EngineFonts/RobotoTiny.uasset" 71
"../../../Engine/Content/EngineMaterials/BaseFlattenDiffuseMap.uasset" 72
"../../../Engine/Content/EngineMaterials/BaseFlattenEmissiveMap.uasset" 73
"../../../Engine/Content/EngineMaterials/BaseFlattenGrayscaleMap.uasset" 74
"../../../Engine/Content/EngineMaterials/BaseFlattenNormalMap.uasset" 75
"../../../Engine/Content/EngineMaterials/BaseFlattenMaterial.uasset" 76
"../../../Engine/Content/EngineMaterials/DefaultBloomKernel.uasset" 77
"../../../Engine/Content/EngineMaterials/DefaultBokeh.uasset" 78
"../../../Engine/Content/EngineMaterials/DefaultDiffuse.uasset" 79
"../../../Engine/Content/EngineMaterials/DefaultDeferredDecalMaterial.uasset" 80
"../../../Engine/Content/EngineMaterials/DefaultLightFunctionMaterial.uasset" 81
"../../../Engine/Content/EngineMaterials/DefaultPhysicalMaterial.uasset" 82
"../../../Engine/Content/Functions/Engine_MaterialFunctions02/Utility/BreakOutFloat2Components.uasset" 83
"../../../Engine/Content/EngineMaterials/DefaultPostProcessMaterial.uasset" 84
"../../../Engine/Content/EngineFonts/RobotoDistanceField.uasset" 85
"../../../Engine/Content/EngineMaterials/DefaultTextMaterialOpaque.uasset" 86
"../../../Engine/Content/EngineMaterials/DefaultWhiteGrid.uasset" 87
"../../../Engine/Content/EngineMaterials/EditorBrushMaterial.uasset" 88
"../../../Engine/Content/EngineMaterials/Good64x64TilingNoiseHighFreq.uasset" 89
"../../../Engine/Content/EngineMaterials/MiniFont.uasset" 90
"../../../Engine/Content/EngineMaterials/InvalidLightmapSettings.uasset" 91
"../../../Engine/Content/EngineMaterials/M_InvalidLightmapSettings.uasset" 92
"../../../Engine/Content/Functions/Engine_MaterialFunctions02/WorldPositionOffset/CameraOffset.uasset" 93
"../../../Engine/Content/EngineMaterials/PhAT_JointLimitMaterial.uasset" 94
"../../../Engine/Content/EngineMaterials/PreintegratedSkinBRDF.uasset" 95
"../../../Engine/Content/EngineMaterials/RemoveSurfaceMaterial.uasset" 96
"../../../Engine/Content/EngineMaterials/WeightMapPlaceholderTexture.uasset" 97
"../../../Engine/Content/EngineResources/WhiteSquareTexture.uasset" 98
"../../../Engine/Content/EngineMaterials/Widget3DPassThrough.uasset" 99
"../../../Engine/Content/EngineMaterials/Widget3DPassThrough_Masked.uasset" 100
"../../../Engine/Content/EngineMaterials/Widget3DPassThrough_Opaque.uasset" 101
"../../../Engine/Content/EngineMaterials/Widget3DPassThrough_Masked_OneSided.uasset" 102
"../../../Engine/Content/EngineMaterials/Widget3DPassThrough_Opaque_OneSided.uasset" 103
"../../../Engine/Content/EngineMaterials/Widget3DPassThrough_Translucent.uasset" 104
"../../../Engine/Content/EngineMaterials/Widget3DPassThrough_Translucent_OneSided.uasset" 105
"../../../Engine/Content/EngineMeshes/Cylinder.uasset" 106
"../../../Engine/Content/EngineMeshes/Sphere.uasset" 107
"../../../Engine/Content/EngineResources/Black.uasset" 108
"../../../Engine/Content/EngineResources/DefaultTexture.uasset" 109
"../../../Engine/Content/EngineResources/DefaultTextureCube.uasset" 110
"../../../Engine/Content/EngineResources/DefaultVolumeTexture2D.uasset" 111
"../../../Engine/Content/EngineResources/DefaultVolumeTexture.uasset" 112
"../../../Engine/Content/EngineResources/GradientTexture0.uasset" 113
"../../../Engine/Content/EngineSounds/Master.uasset" 114
"../../../Engine/Content/Functions/Engine_MaterialFunctions01/Shading/ConvertFromDiffSpec.uasset" 115
"../../../Engine/Content/Functions/Engine_MaterialFunctions01/Shading/PowerToRoughness.uasset" 116
"../../../Engine/Content/Maps/Templates/Thumbnails/Default.uasset" 117
"../../../Engine/Content/Maps/Templates/Thumbnails/VR-Basic.uasset" 118
"../../../Engine/Content/MobileResources/T_MobileControls_texture.uasset" 119
"../../../Engine/Content/MobileResources/T_MobileMenu2.uasset" 120
"../../../Engine/Content/MobileResources/HUD/AnalogHat.uasset" 121
"../../../Engine/Content/MobileResources/HUD/VirtualJoystick_Background.uasset" 122
"../../../Engine/Content/MobileResources/HUD/VirtualJoystick_Thumb.uasset" 123
"../../../Engine/Content/MobileResources/HUD/DefaultVirtualJoysticks.uasset" 124
"../../../Engine/Content/MobileResources/HUD/LeftVirtualJoystickOnly.uasset" 125
"../../../Engine/Content/MobileResources/HUD/MobileHUDButton1_off.uasset" 126
"../../../Engine/Content/MobileResources/HUD/MobileHUDButton1_on.uasset" 127
"../../../Engine/Content/MobileResources/HUD/MobileHUDButton2_off.uasset" 128
"../../../Engine/Content/MobileResources/HUD/MobileHUDButton2_on.uasset" 129
"../../../Engine/Content/MobileResources/HUD/MobileHUDButton3.uasset" 130
"../../../Engine/Content/MobileResources/HUD/MobileHUDButtonFire.uasset" 131
"../../../Engine/Content/MobileResources/HUD/MobileHUDDirectionPad.uasset" 132
"../../../Engine/Content/MobileResources/HUD/MobileHUDDirectionPad2.uasset" 133
"../../../Engine/Content/MobileResources/HUD/MobileHUDDirectionPad3.uasset" 134
"../../../Engine/Content/MobileResources/HUD/MobileHUDDirectionStick.uasset" 135
"../../../Engine/Content/MobileResources/HUD/T_Castle_ThumbstickInner.uasset" 136
"../../../Engine/Content/MobileResources/HUD/T_Castle_ThumbstickOutter.uasset" 137
"../../../Engine/Content/Tutorial/ContentIntroCurve.uasset" 138
"../../../Engine/Content/Tutorial/Basics/TutorialAssets/icon_tab_Levels_40x.uasset" 139
"../../../Engine/Content/Tutorial/BlueprintTutorials/TutorialAssets/Blueprint_64x.uasset" 140
"../../../Engine/Content/VREditor/LaserPointer/VR_LaserPower_01.uasset" 141
"../../../Engine/Content/VREditor/TransformGizmo/TransformGizmoMaterial.uasset" 142
"../../../Engine/Content/VREditor/TransformGizmo/TranslucentTransformGizmoMaterial.uasset" 143
"../../../Engine/Content/VREditor/TransformGizmo/BoundingBoxCorner.uasset" 144
"../../../Engine/Content/VREditor/TransformGizmo/BoundingBoxEdge.uasset" 145
"../../../Engine/Content/VREditor/TransformGizmo/PlaneTranslationHandle.uasset" 146
"../../../Engine/Content/VREditor/TransformGizmo/Main.uasset" 147
"../../../Engine/Content/VREditor/TransformGizmo/Xray.uasset" 148
"../../../Engine/Content/VREditor/TransformGizmo/SM_Sequencer_Key.uasset" 149
"../../../Engine/Content/VREditor/TransformGizmo/SM_Sequencer_Node.uasset" 150
"../../Plugins/2D/Paper2D/Content/PlaceholderTextures/DummySpriteTexture.uasset" 151
"../../Plugins/2D/Paper2D/Content/DummySprite.uasset" 152
"../../Plugins/2D/Paper2D/Content/DefaultPaperTerrainMaterial.uasset" 153
"../../Plugins/2D/Paper2D/Content/DefaultSpriteMaterial.uasset" 154
"../../Plugins/2D/Paper2D/Content/MaskedUnlitSpriteMaterial.uasset" 155
"../../Plugins/2D/Paper2D/Content/OpaqueUnlitSpriteMaterial.uasset" 156
"../../Plugins/Runtime/Oculus/OculusVR/Content/Materials/PokeAHoleMaterial.uasset" 157
"../../Plugins/Runtime/Oculus/OculusVR/Content/Textures/GearVRController_AO.uasset" 158
"../../Plugins/Runtime/Oculus/OculusVR/Content/Textures/GearVRController_Color.uasset" 159
"../../Plugins/Runtime/Oculus/OculusVR/Content/Textures/GearVRController_Normal.uasset" 160
"../../Plugins/Runtime/Oculus/OculusVR/Content/Materials/GearVRControllerMaterial.uasset" 161
"../../Plugins/Runtime/Oculus/OculusVR/Content/Meshes/GearVrController.uasset" 162
"../../Plugins/Runtime/Oculus/OculusVR/Content/Textures/touchController_albedo.uasset" 163
"../../Plugins/Runtime/Oculus/OculusVR/Content/Textures/touchController_controlmap.uasset" 164
"../../Plugins/Runtime/Oculus/OculusVR/Content/Materials/touchController_mat.uasset" 165
"../../Plugins/Runtime/Oculus/OculusVR/Content/Meshes/LeftTouchController.uasset" 166
"../../Plugins/Runtime/Oculus/OculusVR/Content/Meshes/RiftHMD.uasset" 167
"../../Plugins/Runtime/Oculus/OculusVR/Content/Meshes/RightTouchController.uasset" 168
"../../../Engine/Content/EditorBlueprintResources/StandardMacros.uasset" 169
"../../../../../../GitHub/GalagaUnreal/Galaga/Content/Blueprints/Droppables/BP_DroppableBase.uasset" 170
"../../../../../../GitHub/GalagaUnreal/Galaga/Content/Assets/Art/rocket.uasset" 171
"../../../../../../GitHub/GalagaUnreal/Galaga/Content/Assets/Sprites/EnemyProjectile.uasset" 172
"../../../../../../GitHub/GalagaUnreal/Galaga/Content/Blueprints/Droppables/BP_EnemyRocket.uasset" 173
"../../../../../../GitHub/GalagaUnreal/Galaga/Content/Assets/Sprites/Projectile.uasset" 174
"../../../../../../GitHub/GalagaUnreal/Galaga/Content/Blueprints/Projectiles/BP_ProjectilePlayerBase.uasset" 175
"../../../../../../GitHub/GalagaUnreal/Galaga/Content/Assets/Art/laser.uasset" 176
"../../../../../../GitHub/GalagaUnreal/Galaga/Content/Assets/Sprites/Laser.uasset" 177
"../../../../../../GitHub/GalagaUnreal/Galaga/Content/Blueprints/Projectiles/BP_Laser.uasset" 178
"../../../../../../GitHub/GalagaUnreal/Galaga/Content/Blueprints/Projectiles/BP_Rocket.uasset" 179
"../../../../../../GitHub/GalagaUnreal/Galaga/Content/Assets/SFX/WAV/Rocket.uasset" 180
"../../../../../../GitHub/GalagaUnreal/Galaga/Content/Assets/Art/heroship.uasset" 181
"../../../../../../GitHub/GalagaUnreal/Galaga/Content/Assets/Sprites/Player.uasset" 182
"../../../../../../GitHub/GalagaUnreal/Galaga/Content/Blueprints/BP_Player.uasset" 183
"../../../../../../GitHub/GalagaUnreal/Galaga/Content/Assets/Fonts/nimavisual_trench/trench100free_Font.uasset" 184
"../../../../../../GitHub/GalagaUnreal/Galaga/Content/Blueprints/Widgets/BPW_GameOver.uasset" 185
"../../../../../../GitHub/GalagaUnreal/Galaga/Content/Blueprints/Widgets/BPW_HUD.uasset" 186
"../../../../../../GitHub/GalagaUnreal/Galaga/Content/Blueprints/BP_GameMode.uasset" 187
"../../../../../../GitHub/GalagaUnreal/Galaga/Content/Assets/Art/heart.uasset" 188
"../../../../../../GitHub/GalagaUnreal/Galaga/Content/Assets/Sprites/Life.uasset" 189
"../../../../../../GitHub/GalagaUnreal/Galaga/Content/Blueprints/Droppables/BP_Life.uasset" 190
"../../../../../../GitHub/GalagaUnreal/Galaga/Content/Assets/Art/explosion_sheet.uasset" 191
"../../../../../../GitHub/GalagaUnreal/Galaga/Content/Assets/Art/Explosion/explosion_sheet_Sprite_0.uasset" 192
"../../../../../../GitHub/GalagaUnreal/Galaga/Content/Assets/Art/Explosion/explosion_sheet_Sprite_1.uasset" 193
"../../../../../../GitHub/GalagaUnreal/Galaga/Content/Assets/Art/Explosion/explosion_sheet_Sprite_2.uasset" 194
"../../../../../../GitHub/GalagaUnreal/Galaga/Content/Assets/Art/Explosion/explosion_sheet_Sprite_3.uasset" 195
"../../../../../../GitHub/GalagaUnreal/Galaga/Content/Assets/Art/Explosion/explosion_sheet_Sprite_4.uasset" 196
"../../../../../../GitHub/GalagaUnreal/Galaga/Content/Assets/Art/Explosion/explosion_sheet_Sprite_5.uasset" 197
"../../../../../../GitHub/GalagaUnreal/Galaga/Content/Assets/Art/Explosion/explosion_sheet_Sprite_6.uasset" 198
"../../../../../../GitHub/GalagaUnreal/Galaga/Content/Assets/Art/Explosion/explosion_sheet_Sprite_7.uasset" 199
"../../../../../../GitHub/GalagaUnreal/Galaga/Content/Assets/Art/Explosion/explosion_sheet_Sprite_8.uasset" 200
"../../../../../../GitHub/GalagaUnreal/Galaga/Content/Assets/Animations/Explosion.uasset" 201
"../../../../../../GitHub/GalagaUnreal/Galaga/Content/Assets/SFX/WAV/Explosion2.uasset" 202
"../../../../../../GitHub/GalagaUnreal/Galaga/Content/Assets/Art/badship2.uasset" 203
"../../../../../../GitHub/GalagaUnreal/Galaga/Content/Assets/Sprites/LeftRightShip.uasset" 204
"../../../../../../GitHub/GalagaUnreal/Galaga/Content/Blueprints/Enemies/BP_EnemyBase.uasset" 205
"../../../../../../GitHub/GalagaUnreal/Galaga/Content/Assets/Art/asteroid.uasset" 206
"../../../../../../GitHub/GalagaUnreal/Galaga/Content/Assets/Sprites/Meteorite.uasset" 207
"../../../../../../GitHub/GalagaUnreal/Galaga/Content/Blueprints/Enemies/BP_Asteroid.uasset" 208
"../../../../../../GitHub/GalagaUnreal/Galaga/Content/Assets/Art/badship4.uasset" 209
"../../../../../../GitHub/GalagaUnreal/Galaga/Content/Assets/Sprites/BackAndForthShip.uasset" 210
"../../../../../../GitHub/GalagaUnreal/Galaga/Content/Blueprints/Enemies/BP_BackAndForthShip.uasset" 211
"../../../../../../GitHub/GalagaUnreal/Galaga/Content/Blueprints/Enemies/BP_LeftRightShip.uasset" 212
"../../../../../../GitHub/GalagaUnreal/Galaga/Content/Assets/Art/badship3.uasset" 213
"../../../../../../GitHub/GalagaUnreal/Galaga/Content/Assets/Sprites/StraightShip.uasset" 214
"../../../../../../GitHub/GalagaUnreal/Galaga/Content/Blueprints/Enemies/BP_StraightShip.uasset" 215
"../../../../../../GitHub/GalagaUnreal/Galaga/Content/Assets/Art/badship1.uasset" 216
"../../../../../../GitHub/GalagaUnreal/Galaga/Content/Assets/Sprites/TowardsPlayerShip.uasset" 217
"../../../../../../GitHub/GalagaUnreal/Galaga/Content/Blueprints/Enemies/BP_TowardPlayerShip.uasset" 218
"../../../../../../GitHub/GalagaUnreal/Galaga/Content/Blueprints/Enemies/BP_EnemySpawn.uasset" 219
"../../../../../../GitHub/GalagaUnreal/Galaga/Content/Levels/Game_BuiltData.uasset" 220
"../../../../../../GitHub/GalagaUnreal/Galaga/Content/Assets/Art/space.uasset" 221
"../../../../../../GitHub/GalagaUnreal/Galaga/Content/Assets/Materials/M_Background.uasset" 222
"../../../../../../GitHub/GalagaUnreal/Galaga/Content/Assets/Materials/M_Base.uasset" 223
"../../../Engine/Content/BasicShapes/Cube.uasset" 224
"../../../../../../GitHub/GalagaUnreal/Galaga/Content/Assets/SFX/WAV/Background.uasset" 225
"../../../../../../GitHub/GalagaUnreal/Galaga/Content/Assets/SFX/WAV/BackgroundCue.uasset" 226
"../../../../../../GitHub/GalagaUnreal/Galaga/Content/Assets/SFX/WAV/Flying.uasset" 227
"../../../../../../GitHub/GalagaUnreal/Galaga/Content/Assets/SFX/WAV/FlyingCue.uasset" 228
"../../../../../../GitHub/GalagaUnreal/Galaga/Content/Levels/Game.umap" 229
"../../../../../../GitHub/GalagaUnreal/Galaga/Content/Blueprints/Widgets/BPW_Menu.uasset" 230
"../../../../../../GitHub/GalagaUnreal/Galaga/Content/Levels/Menu.umap" 231
"../../../Engine/Content/Maps/Entry_BuiltData.uasset" 232
"../../../Engine/Content/Maps/Entry.umap" 233
